[5/315] ventus.tests.resources 
[1A[2K[9999D[9/315] mill.scalalib.ZincWorkerModule.zincLogDebug 
[1A[2K[9999D[10/315] mill.scalalib.ZincWorkerModule.worker 
[1A[2K[9999D[14/315] myrocketchip.macros.sources 
[1A[2K[9999D[19/315] myrocketchip.macros.resources 
[1A[2K[9999D[45/315] foreign-modules.dependencies.berkeley-hardfloat.hardfloat.sources 
[1A[2K[9999D[50/315] foreign-modules.dependencies.berkeley-hardfloat.hardfloat.resources 
[1A[2K[9999D[76/315] foreign-modules.dependencies.cde.cde.sources.overridden.mill.scalalib.JavaModule.sources 
[1A[2K[9999D[77/315] foreign-modules.dependencies.cde.cde.sources 
[1A[2K[9999D[82/315] foreign-modules.dependencies.cde.cde.resources 
[1A[2K[9999D[105/315] myrocketchip.sources 
[1A[2K[9999D[113/315] myrocketchip.resources 
[1A[2K[9999D[135/315] inclusivecache.sources 
[1A[2K[9999D[141/315] inclusivecache.resources 
[1A[2K[9999D[167/315] foreign-modules.dependencies.fpuv2.fudian.fudian.sources 
[1A[2K[9999D[172/315] foreign-modules.dependencies.fpuv2.fudian.fudian.resources 
[1A[2K[9999D[197/315] foreign-modules.dependencies.fpuv2.fpuv2.sources 
[1A[2K[9999D[203/315] foreign-modules.dependencies.fpuv2.fpuv2.resources 
[1A[2K[9999D[226/315] ventus.sources 
[1A[2K[9999D[228/315] ventus.allSources 
[1A[2K[9999D[229/315] ventus.allSourceFiles 
[1A[2K[9999D[233/315] ventus.resources 
[1A[2K[9999D[255/315] ventus.compile 
[info] compiling 1 Scala source to /home/ventus/ventus-gpgpu/out/ventus/compile.dest/classes ...
[warn] /home/ventus/ventus-gpgpu/ventus/src/L1Cache/L1MSHR.scala:13:17: imported `HasL1CacheParameters` is permanently hidden by definition of trait HasL1CacheParameters in package L1Cache
[warn] import L1Cache.{HasL1CacheParameters, L1CacheModule}
[warn]                 ^
[warn] /home/ventus/ventus-gpgpu/ventus/src/L1Cache/L1MSHR.scala:13:39: imported `L1CacheModule` is permanently hidden by definition of class L1CacheModule in package L1Cache
[warn] import L1Cache.{HasL1CacheParameters, L1CacheModule}
[warn]                                       ^
[warn] four deprecations (since Chisel 3.5); re-run with -deprecation for details
[warn] three warnings found
[info] done compiling
[258/315] foreign-modules.dependencies.fpuv2.fpuv2.test.sources 
[1A[2K[9999D[263/315] foreign-modules.dependencies.fpuv2.fpuv2.test.resources 
[1A[2K[9999D[281/315] ventus.tests.upstreamCompileOutput 
[1A[2K[9999D[282/315] ventus.tests.sources 
[1A[2K[9999D[286/315] ventus.localClasspath 
[1A[2K[9999D[288/315] ventus.tests.transitiveLocalClasspath 
[1A[2K[9999D[301/315] ventus.tests.compileClasspath 
[1A[2K[9999D[305/315] ventus.tests.compile 
[1A[2K[9999D[309/315] ventus.tests.upstreamAssemblyClasspath 
[1A[2K[9999D[310/315] ventus.tests.runClasspath 
[1A[2K[9999D[312/315] ventus.tests.forkEnv.overridden.mill.scalalib.JavaModule.forkEnv 
[1A[2K[9999D[315/315] ventus.tests.testOnly 
[32mAdvancedTest:[0m
kernel 0 
warp 0 0x80000000 0x00004197 x  3  80004000
warp 0 0x80000004 0x80818193 x  3  80003808
warp 1 0x80000000 0x00004197 x  3  80004000
warp 0 0x80000008 0x02000e93 x 29  00000020
warp 2 0x80000000 0x00004197 x  3  80004000
warp 1 0x80000004 0x80818193 x  3  80003808
warp 0 0x8000000c 0x0d0efed7 x 29  00000008
warp 1 0x80000008 0x02000e93 x 29  00000020
warp 3 0x80000000 0x00004197 x  3  80004000
warp 0 0x80000010 0x00002eb7 x 29  00002000
warp 2 0x80000004 0x80818193 x  3  80003808
warp 2 0x80000008 0x02000e93 x 29  00000020
warp 1 0x8000000c 0x0d0efed7 x 29  00000008
warp 3 0x80000004 0x80818193 x  3  80003808
warp 0 0x80000014 0x300eaef3 x 29  00001800
warp 1 0x80000010 0x00002eb7 x 29  00002000
warp 2 0x8000000c 0x0d0efed7 x 29  00000008
warp 0 0x80000018 0x00000e93 x 29  00000000
warp 1 0x80000014 0x300eaef3 x 29  00001800
warp 2 0x80000010 0x00002eb7 x 29  00002000
warp 0 0x8000001c 0x80502373 x  6  00000007
warp 1 0x80000018 0x00000e93 x 29  00000000
warp 2 0x80000014 0x300eaef3 x 29  00001800
warp 0 0x80000020 0x806023f3 x  7  70000000
warp 1 0x8000001c 0x80502373 x  6  00000006
warp 0 0x80000024 0x40000e13 x 28  00000400
warp 2 0x80000018 0x00000e93 x 29  00000000
warp 2 0x8000001c 0x80502373 x  6  00000005
warp 1 0x80000020 0x806023f3 x  7  70000000
warp 2 0x80000020 0x806023f3 x  7  70000000
warp 2 0x80000024 0x40000e13 x 28  00000400
warp 1 0x80000024 0x40000e13 x 28  00000400
warp 0 0x80000028 0x03c30333 x  6  00001c00
warp 2 0x80000028 0x03c30333 x  6  00001400
warp 1 0x80000028 0x03c30333 x  6  00001800
warp 3 0x80000008 0x02000e93 x 29  00000020
warp 0 0x8000002c 0x00730133 x  2  70001c00
warp 2 0x8000002c 0x00730133 x  2  70001400
warp 1 0x8000002c 0x00730133 x  2  70001800
warp 2 0x80000030 0x00000213 x  4  00000000
warp 4 0x80000000 0x00004197 x  3  80004000
warp 2 0x80000034 0x00003517 x 10  80003034
warp 1 0x80000030 0x00000213 x  4  00000000
warp 3 0x8000000c 0x0d0efed7 x 29  00000008
warp 1 0x80000034 0x00003517 x 10  80003034
warp 4 0x80000004 0x80818193 x  3  80003808
warp 3 0x80000010 0x00002eb7 x 29  00002000
warp 0 0x80000034 0x00003517 x 10  80003034
warp 0 0x80000030 0x00000213 x  4  00000000
warp 2 0x8000003c 0x00003617 x 12  8000303c
warp 1 0x80000038 0xfd450513 x 10  80003008
warp 2 0x80000038 0xfd450513 x 10  80003008
warp 1 0x8000003c 0x00003617 x 12  8000303c
warp 0 0x80000038 0xfd450513 x 10  80003008
warp 3 0x80000014 0x300eaef3 x 29  00001800
warp 0 0x8000003c 0x00003617 x 12  8000303c
warp 2 0x80000040 0xfcc60613 x 12  80003008
warp 1 0x80000040 0xfcc60613 x 12  80003008
warp 3 0x80000018 0x00000e93 x 29  00000000
warp 0 0x80000040 0xfcc60613 x 12  80003008
warp 3 0x8000001c 0x80502373 x  6  00000004
warp 2 0x80000044 0x00c50863 Jump? 1  80000054
warp 3 0x80000020 0x806023f3 x  7  70000000
warp 1 0x80000044 0x00c50863 Jump? 1  80000054
warp 3 0x80000024 0x40000e13 x 28  00000400
warp 0 0x80000044 0x00c50863 Jump? 1  80000054
warp 3 0x80000028 0x03c30333 x  6  00001000
warp 0 0x80000054 0x803022f3 x  5  90043000
warp 1 0x80000054 0x803022f3 x  5  90043000
warp 3 0x8000002c 0x00730133 x  2  70001000
warp 0 0x80000058 0x0002a303 lsu.r x   6 op 0 @ 90043000+00000000
warp 1 0x80000058 0x0002a303 lsu.r x   6 op 0 @ 90043000+00000000
warp 0 0x8000005c 0x0042a503 lsu.r x  10 op 0 @ 90043000+00000004
warp 2 0x80000054 0x803022f3 x  5  90043000
warp 1 0x8000005c 0x0042a503 lsu.r x  10 op 0 @ 90043000+00000004
warp 0 0x80000060 0x0302a383 lsu.r x   7 op 0 @ 90043000+00000030
warp 0 0x80000058 0x0002a303 x  6  800000a8
warp 0 0x80000068 0x00003e97 x 29  80003068
warp 1 0x80000058 0x0002a303 x  6  800000a8
warp 1 0x80000060 0x0302a383 lsu.r x   7 op 0 @ 90043000+00000030
warp 3 0x80000030 0x00000213 x  4  00000000
warp 0 0x8000005c 0x0042a503 x 10  90002000
warp 4 0x80000008 0x02000e93 x 29  00000020
warp 1 0x80000064 0x0342ae03 lsu.r x  28 op 0 @ 90043000+00000034
warp 3 0x80000034 0x00003517 x 10  80003034
warp 5 0x80000000 0x00004197 x  3  80004000
warp 4 0x8000000c 0x0d0efed7 x 29  00000008
warp 1 0x80000068 0x00003e97 x 29  80003068
warp 0 0x80000064 0x0342ae03 lsu.r x  28 op 0 @ 90043000+00000034
warp 4 0x80000010 0x00002eb7 x 29  00002000
warp 3 0x80000038 0xfd450513 x 10  80003008
warp 5 0x80000004 0x80818193 x  3  80003808
warp 0 0x8000006c 0xf98e8e93 x 29  80003000
warp 1 0x8000006c 0xf98e8e93 x 29  80003000
warp 3 0x8000003c 0x00003617 x 12  8000303c
warp 1 0x8000005c 0x0042a503 x 10  90002000
warp 5 0x80000008 0x02000e93 x 29  00000020
warp 1 0x80000070 0x00003f17 x 30  80003070
warp 0 0x80000070 0x00003f17 x 30  80003070
warp 3 0x80000040 0xfcc60613 x 12  80003008
warp 2 0x80000058 0x0002a303 lsu.r x   6 op 0 @ 90043000+00000000
warp 4 0x80000014 0x300eaef3 x 29  00001800
warp 0 0x80000060 0x0302a383 x  7  00000000
warp 2 0x8000005c 0x0042a503 lsu.r x  10 op 0 @ 90043000+00000004
warp 1 0x80000060 0x0302a383 x  7  00000000
warp 0 0x80000074 0xf94f0f13 x 30  80003004
warp 1 0x80000074 0xf94f0f13 x 30  80003004
warp 5 0x8000000c 0x0d0efed7 x 29  00000008
warp 3 0x80000044 0x00c50863 Jump? 1  80000054
warp 4 0x80000018 0x00000e93 x 29  00000000
warp 0 0x80000078 0x007ea023 lsu.w x   7 op 0 00000000 @ 80003000+00000000
warp 0 0x80000064 0x0342ae03 x 28  00000000
warp 1 0x80000064 0x0342ae03 x 28  00000000
warp 1 0x80000078 0x007ea023 lsu.w x   7 op 0 00000000 @ 80003000+00000000
warp 4 0x80000020 0x806023f3 x  7  70000000
warp 4 0x8000001c 0x80502373 x  6  00000003
warp 5 0x80000010 0x00002eb7 x 29  00002000
warp 1 0x8000007c 0x01cf2023 lsu.w x  28 op 0 00000000 @ 80003004+00000000
warp 2 0x80000058 0x0002a303 x  6  800000a8
warp 0 0x8000007c 0x01cf2023 lsu.w x  28 op 0 00000000 @ 80003004+00000000
warp 2 0x8000005c 0x0042a503 x 10  90002000
warp 1 0x80000080 0x00000f97 x 31  80000080
warp 3 0x80000054 0x803022f3 x  5  90043000
warp 0 0x80000080 0x00000f97 x 31  80000080
warp 0 0x80000078 0x007ea023 lsu.w fin
warp 5 0x80000014 0x300eaef3 x 29  00001800
warp 4 0x80000024 0x40000e13 x 28  00000400
warp 1 0x80000084 0x018f8f93 x 31  80000098
warp 3 0x80000058 0x0002a303 lsu.r x   6 op 0 @ 90043000+00000000
warp 0 0x80000084 0x018f8f93 x 31  80000098
warp 3 0x8000005c 0x0042a503 lsu.r x  10 op 0 @ 90043000+00000004
warp 5 0x80000018 0x00000e93 x 29  00000000
warp 3 0x80000060 0x0302a383 lsu.r x   7 op 0 @ 90043000+00000030
warp 4 0x80000028 0x03c30333 x  6  00000c00
warp 1 0x80000078 0x007ea023 lsu.w fin
warp 5 0x8000001c 0x80502373 x  6  00000002
warp 0 0x80000088 0x305f9073 x  0  00000000
warp 1 0x80000088 0x305f9073 x  0  00000000
warp 3 0x80000064 0x0342ae03 lsu.r x  28 op 0 @ 90043000+00000034
warp 4 0x8000002c 0x00730133 x  2  70000c00
warp 3 0x80000068 0x00003e97 x 29  80003068
warp 0 0x8000008c 0x000300e7 x  1  80000090
warp 0 0x8000008c 0x000300e7 Jump? 1  800000a8
warp 1 0x8000008c 0x000300e7 x  1  80000090
warp 1 0x8000008c 0x000300e7 Jump? 1  800000a8
warp 4 0x80000030 0x00000213 x  4  00000000
warp 5 0x80000020 0x806023f3 x  7  70000000
warp 3 0x8000006c 0xf98e8e93 x 29  80003000
warp 3 0x80000070 0x00003f17 x 30  80003070
warp 4 0x80000034 0x00003517 x 10  80003034
warp 1 0x8000007c 0x01cf2023 lsu.w fin
warp 5 0x80000024 0x40000e13 x 28  00000400
warp 2 0x80000060 0x0302a383 lsu.r x   7 op 0 @ 90043000+00000030
warp 3 0x80000058 0x0002a303 x  6  800000a8
warp 0 0x800000a8 0x00c10113 x  2  70001c0c
warp 3 0x80000074 0xf94f0f13 x 30  80003004
warp 4 0x80000038 0xfd450513 x 10  80003008
warp 4 0x8000003c 0x00003617 x 12  8000303c
warp 0 0x800000ac 0x00420213 x  4  00000004
warp 1 0x800000a8 0x00c10113 x  2  7000180c
warp 2 0x80000064 0x0342ae03 lsu.r x  28 op 0 @ 90043000+00000034
warp 5 0x80000028 0x03c30333 x  6  00000800
warp 2 0x80000068 0x00003e97 x 29  80003068
warp 0 0x800000b4 0x5e024057 v 32 11111111 00000004 00000004 00000004 00000004 00000004 00000004 00000004 00000004 
warp 1 0x800000ac 0x00420213 x  4  00000004
warp 0 0x800000b8 0xfe112a23 lsu.w x   1 op 3 80000090 @ 70001c0c+fffffff4
warp 0 0x8000007c 0x01cf2023 lsu.w fin
warp 5 0x8000002c 0x00730133 x  2  70000800
warp 0 0x800000bc 0xfea12e23 lsu.w x  10 op 3 90002000 @ 70001c0c+fffffffc
warp 2 0x8000006c 0xf98e8e93 x 29  80003000
warp 1 0x800000b4 0x5e024057 v 32 11111111 00000004 00000004 00000004 00000004 00000004 00000004 00000004 00000004 
warp 2 0x80000070 0x00003f17 x 30  80003070
warp 0 0x800000c0 0x00852283 lsu.r x   5 op 0 @ 90002000+00000008
warp 0 0x800000b8 0xfe112a23 lsu.w fin
warp 2 0x80000060 0x0302a383 x  7  00000000
warp 1 0x800000b8 0xfe112a23 lsu.w x   1 op 3 80000090 @ 7000180c+fffffff4
warp 2 0x80000064 0x0342ae03 x 28  00000000
warp 2 0x80000074 0xf94f0f13 x 30  80003004
warp 3 0x80000060 0x0302a383 x  7  00000000
warp 3 0x8000005c 0x0042a503 x 10  90002000
warp 2 0x80000078 0x007ea023 lsu.w x   7 op 0 00000000 @ 80003000+00000000
warp 3 0x80000064 0x0342ae03 x 28  00000000
warp 2 0x80000080 0x00000f97 x 31  80000080
warp 1 0x800000bc 0xfea12e23 lsu.w x  10 op 3 90002000 @ 7000180c+fffffffc
warp 0 0x800000bc 0xfea12e23 lsu.w fin
warp 2 0x80000084 0x018f8f93 x 31  80000098
warp 2 0x8000007c 0x01cf2023 lsu.w x  28 op 0 00000000 @ 80003004+00000000
warp 3 0x80000080 0x00000f97 x 31  80000080
warp 1 0x800000b8 0xfe112a23 lsu.w fin
warp 1 0x800000c0 0x00852283 lsu.r x   5 op 0 @ 90002000+00000008
warp 2 0x80000088 0x305f9073 x  0  00000000
warp 2 0x8000008c 0x000300e7 x  1  80000090
warp 2 0x80000078 0x007ea023 lsu.w fin
warp 2 0x8000008c 0x000300e7 Jump? 1  800000a8
warp 3 0x80000078 0x007ea023 lsu.w x   7 op 0 00000000 @ 80003000+00000000
warp 4 0x80000040 0xfcc60613 x 12  80003008
warp 3 0x8000007c 0x01cf2023 lsu.w x  28 op 0 00000000 @ 80003004+00000000
warp 2 0x800000a8 0x00c10113 x  2  7000140c
warp 2 0x800000ac 0x00420213 x  4  00000004
warp 3 0x80000084 0x018f8f93 x 31  80000098
warp 4 0x80000044 0x00c50863 Jump? 1  80000054
warp 0 0x800000c0 0x00852283 x  5  00000035
warp 2 0x8000007c 0x01cf2023 lsu.w fin
warp 1 0x800000c0 0x00852283 x  5  00000035
warp 2 0x800000b4 0x5e024057 v 32 11111111 00000004 00000004 00000004 00000004 00000004 00000004 00000004 00000004 
warp 1 0x800000bc 0xfea12e23 lsu.w fin
warp 3 0x80000088 0x305f9073 x  0  00000000
warp 2 0x800000b8 0xfe112a23 lsu.w x   1 op 3 80000090 @ 7000140c+fffffff4
warp 3 0x8000008c 0x000300e7 x  1  80000090
warp 3 0x8000008c 0x000300e7 Jump? 1  800000a8
warp 0 0x800000c4 0xfe512c23 lsu.w x   5 op 3 00000035 @ 70001c0c+fffffff8
warp 1 0x800000c4 0xfe512c23 lsu.w x   5 op 3 00000035 @ 7000180c+fffffff8
warp 1 0x800000cc 0x0b8000ef x  1  800000d0
warp 2 0x800000c0 0x00852283 lsu.r x   5 op 0 @ 90002000+00000008
warp 3 0x80000078 0x007ea023 lsu.w fin
warp 1 0x800000cc 0x0b8000ef Jump? 1  80000184
warp 0 0x800000c8 0x5e004057 v  0 11111111 00000000 00000000 00000000 00000000 00000000 00000000 00000000 00000000 
warp 2 0x800000bc 0xfea12e23 lsu.w x  10 op 3 90002000 @ 7000140c+fffffffc
warp 0 0x800000cc 0x0b8000ef x  1  800000d0
warp 1 0x800000c8 0x5e004057 v  0 11111111 00000000 00000000 00000000 00000000 00000000 00000000 00000000 00000000 
warp 0 0x800000cc 0x0b8000ef Jump? 1  80000184
warp 2 0x800000c0 0x00852283 x  5  00000035
warp 2 0x800000c4 0xfe512c23 lsu.w x   5 op 3 00000035 @ 7000140c+fffffff8
warp 2 0x800000c8 0x5e004057 v  0 11111111 00000000 00000000 00000000 00000000 00000000 00000000 00000000 00000000 
warp 2 0x800000b8 0xfe112a23 lsu.w fin
warp 2 0x800000cc 0x0b8000ef x  1  800000d0
warp 2 0x800000cc 0x0b8000ef Jump? 1  80000184
warp 0 0x800000c4 0xfe512c23 lsu.w fin
warp 1 0x800000c4 0xfe512c23 lsu.w fin
warp 3 0x8000007c 0x01cf2023 lsu.w fin
warp 0 0x80000184 0x00410113 x  2  70001c10
warp 2 0x800000bc 0xfea12e23 lsu.w fin
warp 0 0x80000188 0xfe112e23 lsu.w x   1 op 3 800000d0 @ 70001c10+fffffffc
warp 1 0x80000184 0x00410113 x  2  70001810
warp 0 0x8000018c 0x00200293 x  5  00000002
warp 1 0x80000188 0xfe112e23 lsu.w x   1 op 3 800000d0 @ 70001810+fffffffc
warp 2 0x80000184 0x00410113 x  2  70001410
warp 1 0x8000018c 0x00200293 x  5  00000002
warp 0 0x80000190 0x5e02c0d7 v  1 11111111 00000002 00000002 00000002 00000002 00000002 00000002 00000002 00000002 
warp 2 0x80000188 0xfe112e23 lsu.w x   1 op 3 800000d0 @ 70001410+fffffffc
warp 0 0x80000194 0x00000317 x  6  80000194
warp 2 0x8000018c 0x00200293 x  5  00000002
warp 0 0x80000188 0xfe112e23 lsu.w fin
warp 1 0x80000190 0x5e02c0d7 v  1 11111111 00000002 00000002 00000002 00000002 00000002 00000002 00000002 00000002 
warp 2 0x800000c4 0xfe512c23 lsu.w fin
warp 1 0x80000194 0x00000317 x  6  80000194
warp 0 0x80000198 0x04c3305b  setrpc 0x800001e0 
warp 0 0x80000198 0x04c3305b x  0  800001e0
warp 1 0x80000188 0xfe112e23 lsu.w fin
warp 1 0x80000198 0x04c3305b  setrpc 0x800001e0 
warp 0 0x8000019c 0x0200885b vbranch     current mask and npc:   11111111    0x800001a0
warp 1 0x80000198 0x04c3305b x  0  800001e0
warp 2 0x80000194 0x00000317 x  6  80000194
warp 2 0x80000190 0x5e02c0d7 v  1 11111111 00000002 00000002 00000002 00000002 00000002 00000002 00000002 00000002 
warp 2 0x80000188 0xfe112e23 lsu.w fin
warp 1 0x8000019c 0x0200885b vbranch     current mask and npc:   11111111    0x800001a0
warp 0 0x800001a0 0x00100293 x  5  00000001
warp 2 0x80000198 0x04c3305b  setrpc 0x800001e0 
warp 2 0x80000198 0x04c3305b x  0  800001e0
warp 2 0x8000019c 0x0200885b vbranch     current mask and npc:   11111111    0x800001a0
warp 1 0x800001a0 0x00100293 x  5  00000001
warp 0 0x800001a4 0x5e02c0d7 v  1 11111111 00000001 00000001 00000001 00000001 00000001 00000001 00000001 00000001 
warp 0 0x800001a8 0x00000317 x  6  800001a8
warp 2 0x800001a0 0x00100293 x  5  00000001
warp 1 0x800001a4 0x5e02c0d7 v  1 11111111 00000001 00000001 00000001 00000001 00000001 00000001 00000001 00000001 
warp 1 0x800001a8 0x00000317 x  6  800001a8
warp 0 0x800001ac 0x0383305b  setrpc 0x800001e0 
warp 0 0x800001ac 0x0383305b x  0  800001e0
warp 2 0x800001a4 0x5e02c0d7 v  1 11111111 00000001 00000001 00000001 00000001 00000001 00000001 00000001 00000001 
warp 2 0x800001a8 0x00000317 x  6  800001a8
warp 3 0x800000a8 0x00c10113 x  2  7000100c
warp 0 0x800001b0 0x0200825b vbranch     current mask and npc:   11111111    0x800001b4
warp 3 0x800000ac 0x00420213 x  4  00000004
warp 1 0x800001ac 0x0383305b  setrpc 0x800001e0 
warp 1 0x800001ac 0x0383305b x  0  800001e0
warp 2 0x800001ac 0x0383305b  setrpc 0x800001e0 
warp 2 0x800001ac 0x0383305b x  0  800001e0
warp 1 0x800001b0 0x0200825b vbranch     current mask and npc:   11111111    0x800001b4
warp 2 0x800001b0 0x0200825b vbranch     current mask and npc:   11111111    0x800001b4
warp 0 0x800001b4 0x5e0040d7 v  1 11111111 00000000 00000000 00000000 00000000 00000000 00000000 00000000 00000000 
warp 0 0x800001b8 0x00000317 x  6  800001b8
warp 1 0x800001b4 0x5e0040d7 v  1 11111111 00000000 00000000 00000000 00000000 00000000 00000000 00000000 00000000 
warp 2 0x800001b4 0x5e0040d7 v  1 11111111 00000000 00000000 00000000 00000000 00000000 00000000 00000000 00000000 
warp 3 0x800000b4 0x5e024057 v 32 11111111 00000004 00000004 00000004 00000004 00000004 00000004 00000004 00000004 
warp 2 0x800001b8 0x00000317 x  6  800001b8
warp 0 0x800001bc 0x0283305b  setrpc 0x800001e0 
warp 0 0x800001bc 0x0283305b x  0  800001e0
warp 1 0x800001b8 0x00000317 x  6  800001b8
warp 3 0x800000b8 0xfe112a23 lsu.w x   1 op 3 80000090 @ 7000100c+fffffff4
warp 2 0x800001bc 0x0283305b  setrpc 0x800001e0 
warp 0 0x800001c0 0x00009e5b vbranch     current mask and npc:   11111111    0x800001c4
warp 2 0x800001bc 0x0283305b x  0  800001e0
warp 0 0x800001c4 0x168000ef x  1  800001c8
warp 0 0x800001c4 0x168000ef Jump? 1  8000032c
warp 1 0x800001bc 0x0283305b  setrpc 0x800001e0 
warp 2 0x800001c0 0x00009e5b vbranch     current mask and npc:   11111111    0x800001c4
warp 1 0x800001bc 0x0283305b x  0  800001e0
warp 3 0x800000bc 0xfea12e23 lsu.w x  10 op 3 90002000 @ 7000100c+fffffffc
warp 3 0x800000b8 0xfe112a23 lsu.w fin
warp 2 0x800001c4 0x168000ef x  1  800001c8
warp 2 0x800001c4 0x168000ef Jump? 1  8000032c
warp 1 0x800001c0 0x00009e5b vbranch     current mask and npc:   11111111    0x800001c4
warp 1 0x800001c4 0x168000ef x  1  800001c8
warp 1 0x800001c4 0x168000ef Jump? 1  8000032c
warp 3 0x800000bc 0xfea12e23 lsu.w fin
warp 0 0x8000032c 0x00410113 x  2  70001c14
warp 0 0x80000330 0xfe112e23 lsu.w x   1 op 3 800001c8 @ 70001c14+fffffffc
warp 0 0x80000334 0xf71ff0ef x  1  80000338
warp 0 0x80000334 0xf71ff0ef Jump? 1  800002a4
warp 0 0x80000330 0xfe112e23 lsu.w fin
warp 0 0x800002a4 0x80302573 x 10  90043000
warp 0 0x800002a8 0x00852283 lsu.r x   5 op 0 @ 90043000+00000008
warp 1 0x8000032c 0x00410113 x  2  70001814
warp 0 0x800002ac 0x80002373 x  6  00000038
warp 1 0x80000330 0xfe112e23 lsu.w x   1 op 3 800001c8 @ 70001814+fffffffc
warp 0 0x800002a8 0x00852283 x  5  00000001
warp 2 0x8000032c 0x00410113 x  2  70001414
warp 1 0x80000334 0xf71ff0ef x  1  80000338
warp 1 0x80000334 0xf71ff0ef Jump? 1  800002a4
warp 0 0x800002b0 0x5208a157 v  2 11111111 00000007 00000006 00000005 00000004 00000003 00000002 00000001 00000000 
warp 2 0x80000334 0xf71ff0ef x  1  80000338
warp 2 0x80000334 0xf71ff0ef Jump? 1  800002a4
warp 2 0x80000330 0xfe112e23 lsu.w x   1 op 3 800001c8 @ 70001414+fffffffc
warp 1 0x80000330 0xfe112e23 lsu.w fin
warp 0 0x800002b4 0x02234057 v  0 11111111 0000003f 0000003e 0000003d 0000003c 0000003b 0000003a 00000039 00000038 
warp 0 0x800002b8 0x00100393 x  7  00000001
warp 1 0x800002a4 0x80302573 x 10  90043000
warp 2 0x80000330 0xfe112e23 lsu.w fin
warp 1 0x800002a8 0x00852283 lsu.r x   5 op 0 @ 90043000+00000008
warp 0 0x800002bc 0x00728663 Jump? 1  800002c8
warp 1 0x800002ac 0x80002373 x  6  00000030
warp 1 0x800002a8 0x00852283 x  5  00000001
warp 1 0x800002b0 0x5208a157 v  2 11111111 00000007 00000006 00000005 00000004 00000003 00000002 00000001 00000000 
warp 2 0x800002a4 0x80302573 x 10  90043000
warp 1 0x800002b4 0x02234057 v  0 11111111 00000037 00000036 00000035 00000034 00000033 00000032 00000031 00000030 
warp 2 0x800002a8 0x00852283 lsu.r x   5 op 0 @ 90043000+00000008
warp 2 0x800002ac 0x80002373 x  6  00000028
warp 1 0x800002b8 0x00100393 x  7  00000001
warp 0 0x800002c8 0x00008067 x  0  800002cc
warp 2 0x800002b0 0x5208a157 v  2 11111111 00000007 00000006 00000005 00000004 00000003 00000002 00000001 00000000 
warp 0 0x800002c8 0x00008067 Jump? 1  80000338
warp 2 0x800002a8 0x00852283 x  5  00000001
warp 1 0x800002bc 0x00728663 Jump? 1  800002c8
warp 2 0x800002b4 0x02234057 v  0 11111111 0000002f 0000002e 0000002d 0000002c 0000002b 0000002a 00000029 00000028 
warp 2 0x800002b8 0x00100393 x  7  00000001
warp 3 0x800000c0 0x00852283 lsu.r x   5 op 0 @ 90002000+00000008
warp 0 0x80000338 0x80302573 x 10  90043000
warp 2 0x800002bc 0x00728663 Jump? 1  800002c8
warp 1 0x800002c8 0x00008067 x  0  800002cc
warp 1 0x800002c8 0x00008067 Jump? 1  80000338
warp 0 0x8000033c 0x80802373 x  6  00000000
warp 0 0x80000340 0x01852e03 lsu.r x  28 op 0 @ 90043000+00000018
warp 3 0x800000c0 0x00852283 x  5  00000035
warp 3 0x800000c4 0xfe512c23 lsu.w x   5 op 3 00000035 @ 7000100c+fffffff8
warp 0 0x80000340 0x01852e03 x 28  00000040
warp 1 0x80000338 0x80302573 x 10  90043000
warp 3 0x800000c4 0xfe512c23 lsu.w fin
warp 2 0x800002c8 0x00008067 x  0  800002cc
warp 2 0x800002c8 0x00008067 Jump? 1  80000338
warp 1 0x8000033c 0x80802373 x  6  00000000
warp 1 0x80000340 0x01852e03 lsu.r x  28 op 0 @ 90043000+00000018
warp 0 0x80000344 0x03c30fb3 x 31  00000000
warp 0 0x80000348 0x020fc057 v  0 11111111 0000003f 0000003e 0000003d 0000003c 0000003b 0000003a 00000039 00000038 
warp 1 0x80000340 0x01852e03 x 28  00000040
warp 2 0x80000338 0x80302573 x 10  90043000
warp 0 0x8000034c 0xffc12083 lsu.r x   1 op 3 @ 70001c14+fffffffc
warp 0 0x80000350 0x0400c00b barrier
warp 2 0x8000033c 0x80802373 x  6  00000000
warp 3 0x800000c8 0x5e004057 v  0 11111111 00000000 00000000 00000000 00000000 00000000 00000000 00000000 00000000 
warp 2 0x80000340 0x01852e03 lsu.r x  28 op 0 @ 90043000+00000018
warp 3 0x800000cc 0x0b8000ef x  1  800000d0
warp 1 0x80000344 0x03c30fb3 x 31  00000000
warp 3 0x800000cc 0x0b8000ef Jump? 1  80000184
warp 2 0x80000340 0x01852e03 x 28  00000040
warp 1 0x80000348 0x020fc057 v  0 11111111 00000037 00000036 00000035 00000034 00000033 00000032 00000031 00000030 
warp 4 0x80000054 0x803022f3 x  5  90043000
warp 1 0x8000034c 0xffc12083 lsu.r x   1 op 3 @ 70001814+fffffffc
warp 1 0x80000350 0x0400c00b barrier
warp 3 0x80000184 0x00410113 x  2  70001010
warp 4 0x80000058 0x0002a303 lsu.r x   6 op 0 @ 90043000+00000000
warp 2 0x80000344 0x03c30fb3 x 31  00000000
warp 4 0x8000005c 0x0042a503 lsu.r x  10 op 0 @ 90043000+00000004
warp 0 0x8000034c 0xffc12083 x  1  800001c8
warp 3 0x80000188 0xfe112e23 lsu.w x   1 op 3 800000d0 @ 70001010+fffffffc
warp 2 0x80000348 0x020fc057 v  0 11111111 0000002f 0000002e 0000002d 0000002c 0000002b 0000002a 00000029 00000028 
warp 3 0x8000018c 0x00200293 x  5  00000002
warp 2 0x8000034c 0xffc12083 lsu.r x   1 op 3 @ 70001414+fffffffc
warp 2 0x80000350 0x0400c00b barrier
warp 3 0x80000194 0x00000317 x  6  80000194
warp 3 0x80000190 0x5e02c0d7 v  1 11111111 00000002 00000002 00000002 00000002 00000002 00000002 00000002 00000002 
warp 3 0x80000188 0xfe112e23 lsu.w fin
warp 3 0x80000198 0x04c3305b  setrpc 0x800001e0 
warp 3 0x80000198 0x04c3305b x  0  800001e0
warp 5 0x80000030 0x00000213 x  4  00000000
warp 3 0x8000019c 0x0200885b vbranch     current mask and npc:   11111111    0x800001a0
warp 5 0x80000034 0x00003517 x 10  80003034
warp 4 0x80000058 0x0002a303 x  6  800000a8
warp 1 0x8000034c 0xffc12083 x  1  800001c8
warp 3 0x800001a0 0x00100293 x  5  00000001
warp 5 0x8000003c 0x00003617 x 12  8000303c
warp 6 0x80000000 0x00004197 x  3  80004000
warp 5 0x80000038 0xfd450513 x 10  80003008
warp 4 0x8000005c 0x0042a503 x 10  90002000
warp 3 0x800001a4 0x5e02c0d7 v  1 11111111 00000001 00000001 00000001 00000001 00000001 00000001 00000001 00000001 
warp 5 0x80000040 0xfcc60613 x 12  80003008
warp 6 0x80000004 0x80818193 x  3  80003808
warp 3 0x800001a8 0x00000317 x  6  800001a8
warp 6 0x80000008 0x02000e93 x 29  00000020
warp 4 0x80000060 0x0302a383 lsu.r x   7 op 0 @ 90043000+00000030
warp 2 0x8000034c 0xffc12083 x  1  800001c8
warp 5 0x80000044 0x00c50863 Jump? 1  80000054
warp 3 0x800001ac 0x0383305b  setrpc 0x800001e0 
warp 3 0x800001ac 0x0383305b x  0  800001e0
warp 4 0x80000064 0x0342ae03 lsu.r x  28 op 0 @ 90043000+00000034
warp 6 0x8000000c 0x0d0efed7 x 29  00000008
warp 3 0x800001b0 0x0200825b vbranch     current mask and npc:   11111111    0x800001b4
warp 4 0x80000068 0x00003e97 x 29  80003068
warp 6 0x80000010 0x00002eb7 x 29  00002000
warp 4 0x80000060 0x0302a383 x  7  00000000
warp 3 0x800001b4 0x5e0040d7 v  1 11111111 00000000 00000000 00000000 00000000 00000000 00000000 00000000 00000000 
warp 4 0x8000006c 0xf98e8e93 x 29  80003000
warp 4 0x80000070 0x00003f17 x 30  80003070
warp 6 0x80000014 0x300eaef3 x 29  00001800
warp 3 0x800001b8 0x00000317 x  6  800001b8
warp 5 0x80000054 0x803022f3 x  5  90043000
warp 4 0x80000064 0x0342ae03 x 28  00000000
warp 4 0x80000074 0xf94f0f13 x 30  80003004
warp 6 0x80000018 0x00000e93 x 29  00000000
warp 3 0x800001bc 0x0283305b  setrpc 0x800001e0 
warp 3 0x800001bc 0x0283305b x  0  800001e0
warp 4 0x80000078 0x007ea023 lsu.w x   7 op 0 00000000 @ 80003000+00000000
warp 5 0x80000058 0x0002a303 lsu.r x   6 op 0 @ 90043000+00000000
warp 6 0x8000001c 0x80502373 x  6  00000001
warp 3 0x800001c0 0x00009e5b vbranch     current mask and npc:   11111111    0x800001c4
warp 4 0x80000080 0x00000f97 x 31  80000080
warp 5 0x8000005c 0x0042a503 lsu.r x  10 op 0 @ 90043000+00000004
warp 3 0x800001c4 0x168000ef x  1  800001c8
warp 3 0x800001c4 0x168000ef Jump? 1  8000032c
warp 5 0x80000060 0x0302a383 lsu.r x   7 op 0 @ 90043000+00000030
warp 4 0x80000078 0x007ea023 lsu.w fin
warp 5 0x80000068 0x00003e97 x 29  80003068
warp 4 0x80000084 0x018f8f93 x 31  80000098
warp 5 0x80000064 0x0342ae03 lsu.r x  28 op 0 @ 90043000+00000034
warp 6 0x80000024 0x40000e13 x 28  00000400
warp 5 0x8000006c 0xf98e8e93 x 29  80003000
warp 5 0x80000070 0x00003f17 x 30  80003070
warp 4 0x80000088 0x305f9073 x  0  00000000
warp 4 0x8000007c 0x01cf2023 lsu.w x  28 op 0 00000000 @ 80003004+00000000
warp 5 0x80000058 0x0002a303 x  6  800000a8
warp 4 0x8000008c 0x000300e7 x  1  80000090
warp 4 0x8000008c 0x000300e7 Jump? 1  800000a8
warp 6 0x80000020 0x806023f3 x  7  70000000
warp 5 0x80000074 0xf94f0f13 x 30  80003004
warp 3 0x8000032c 0x00410113 x  2  70001014
warp 5 0x8000005c 0x0042a503 x 10  90002000
warp 5 0x80000060 0x0302a383 x  7  00000000
warp 3 0x80000334 0xf71ff0ef x  1  80000338
warp 3 0x80000334 0xf71ff0ef Jump? 1  800002a4
warp 3 0x80000330 0xfe112e23 lsu.w x   1 op 3 800001c8 @ 70001014+fffffffc
warp 5 0x80000064 0x0342ae03 x 28  00000000
warp 4 0x800000a8 0x00c10113 x  2  70000c0c
warp 5 0x80000078 0x007ea023 lsu.w x   7 op 0 00000000 @ 80003000+00000000
warp 4 0x800000ac 0x00420213 x  4  00000004
warp 4 0x8000007c 0x01cf2023 lsu.w fin
warp 5 0x80000080 0x00000f97 x 31  80000080
warp 5 0x8000007c 0x01cf2023 lsu.w x  28 op 0 00000000 @ 80003004+00000000
warp 3 0x800002a4 0x80302573 x 10  90043000
warp 3 0x80000330 0xfe112e23 lsu.w fin
warp 4 0x800000b4 0x5e024057 v 32 11111111 00000004 00000004 00000004 00000004 00000004 00000004 00000004 00000004 
warp 5 0x80000084 0x018f8f93 x 31  80000098
warp 3 0x800002a8 0x00852283 lsu.r x   5 op 0 @ 90043000+00000008
warp 3 0x800002ac 0x80002373 x  6  00000020
warp 5 0x80000078 0x007ea023 lsu.w fin
warp 3 0x800002b0 0x5208a157 v  2 11111111 00000007 00000006 00000005 00000004 00000003 00000002 00000001 00000000 
warp 4 0x800000b8 0xfe112a23 lsu.w x   1 op 3 80000090 @ 70000c0c+fffffff4
warp 5 0x80000088 0x305f9073 x  0  00000000
warp 5 0x8000008c 0x000300e7 x  1  80000090
warp 5 0x8000008c 0x000300e7 Jump? 1  800000a8
warp 4 0x800000bc 0xfea12e23 lsu.w x  10 op 3 90002000 @ 70000c0c+fffffffc
warp 3 0x800002a8 0x00852283 x  5  00000001
warp 3 0x800002b4 0x02234057 v  0 11111111 00000027 00000026 00000025 00000024 00000023 00000022 00000021 00000020 
warp 4 0x800000c0 0x00852283 lsu.r x   5 op 0 @ 90002000+00000008
warp 3 0x800002b8 0x00100393 x  7  00000001
warp 5 0x8000007c 0x01cf2023 lsu.w fin
warp 5 0x800000a8 0x00c10113 x  2  7000080c
warp 5 0x800000ac 0x00420213 x  4  00000004
warp 3 0x800002bc 0x00728663 Jump? 1  800002c8
warp 4 0x800000b8 0xfe112a23 lsu.w fin
warp 4 0x800000c0 0x00852283 x  5  00000035
warp 6 0x80000028 0x03c30333 x  6  00000400
warp 5 0x800000b4 0x5e024057 v 32 11111111 00000004 00000004 00000004 00000004 00000004 00000004 00000004 00000004 
warp 5 0x800000b8 0xfe112a23 lsu.w x   1 op 3 80000090 @ 7000080c+fffffff4
warp 5 0x800000bc 0xfea12e23 lsu.w x  10 op 3 90002000 @ 7000080c+fffffffc
warp 5 0x800000c0 0x00852283 lsu.r x   5 op 0 @ 90002000+00000008
warp 6 0x8000002c 0x00730133 x  2  70000400
warp 4 0x800000c8 0x5e004057 v  0 11111111 00000000 00000000 00000000 00000000 00000000 00000000 00000000 00000000 
warp 4 0x800000c4 0xfe512c23 lsu.w x   5 op 3 00000035 @ 70000c0c+fffffff8
warp 5 0x800000b8 0xfe112a23 lsu.w fin
warp 3 0x800002c8 0x00008067 x  0  800002cc
warp 3 0x800002c8 0x00008067 Jump? 1  80000338
warp 4 0x800000bc 0xfea12e23 lsu.w fin
warp 4 0x800000cc 0x0b8000ef x  1  800000d0
warp 4 0x800000cc 0x0b8000ef Jump? 1  80000184
warp 5 0x800000c0 0x00852283 x  5  00000035
warp 6 0x80000034 0x00003517 x 10  80003034
warp 6 0x80000030 0x00000213 x  4  00000000
warp 3 0x80000338 0x80302573 x 10  90043000
warp 5 0x800000c4 0xfe512c23 lsu.w x   5 op 3 00000035 @ 7000080c+fffffff8
warp 6 0x80000038 0xfd450513 x 10  80003008
warp 6 0x8000003c 0x00003617 x 12  8000303c
warp 5 0x800000c8 0x5e004057 v  0 11111111 00000000 00000000 00000000 00000000 00000000 00000000 00000000 00000000 
warp 3 0x8000033c 0x80802373 x  6  00000000
warp 3 0x80000340 0x01852e03 lsu.r x  28 op 0 @ 90043000+00000018
warp 4 0x800000c4 0xfe512c23 lsu.w fin
warp 5 0x800000bc 0xfea12e23 lsu.w fin
warp 4 0x80000184 0x00410113 x  2  70000c10
warp 5 0x800000cc 0x0b8000ef x  1  800000d0
warp 5 0x800000cc 0x0b8000ef Jump? 1  80000184
warp 4 0x80000188 0xfe112e23 lsu.w x   1 op 3 800000d0 @ 70000c10+fffffffc
warp 4 0x8000018c 0x00200293 x  5  00000002
warp 3 0x80000340 0x01852e03 x 28  00000040
warp 5 0x80000184 0x00410113 x  2  70000810
warp 4 0x80000190 0x5e02c0d7 v  1 11111111 00000002 00000002 00000002 00000002 00000002 00000002 00000002 00000002 
warp 4 0x80000194 0x00000317 x  6  80000194
warp 4 0x80000188 0xfe112e23 lsu.w fin
warp 5 0x800000c4 0xfe512c23 lsu.w fin
warp 3 0x80000344 0x03c30fb3 x 31  00000000
warp 5 0x80000188 0xfe112e23 lsu.w x   1 op 3 800000d0 @ 70000810+fffffffc
warp 4 0x80000198 0x04c3305b  setrpc 0x800001e0 
warp 4 0x80000198 0x04c3305b x  0  800001e0
warp 5 0x8000018c 0x00200293 x  5  00000002
warp 4 0x8000019c 0x0200885b vbranch     current mask and npc:   11111111    0x800001a0
warp 3 0x80000348 0x020fc057 v  0 11111111 00000027 00000026 00000025 00000024 00000023 00000022 00000021 00000020 
warp 3 0x8000034c 0xffc12083 lsu.r x   1 op 3 @ 70001014+fffffffc
warp 5 0x80000194 0x00000317 x  6  80000194
warp 5 0x80000188 0xfe112e23 lsu.w fin
warp 4 0x800001a0 0x00100293 x  5  00000001
warp 3 0x80000350 0x0400c00b barrier
warp 5 0x80000190 0x5e02c0d7 v  1 11111111 00000002 00000002 00000002 00000002 00000002 00000002 00000002 00000002 
warp 5 0x80000198 0x04c3305b  setrpc 0x800001e0 
warp 5 0x80000198 0x04c3305b x  0  800001e0
warp 6 0x80000040 0xfcc60613 x 12  80003008
warp 4 0x800001a8 0x00000317 x  6  800001a8
warp 4 0x800001a4 0x5e02c0d7 v  1 11111111 00000001 00000001 00000001 00000001 00000001 00000001 00000001 00000001 
warp 5 0x8000019c 0x0200885b vbranch     current mask and npc:   11111111    0x800001a0
warp 6 0x80000044 0x00c50863 Jump? 1  80000054
warp 4 0x800001ac 0x0383305b  setrpc 0x800001e0 
warp 4 0x800001ac 0x0383305b x  0  800001e0
warp 4 0x800001b0 0x0200825b vbranch     current mask and npc:   11111111    0x800001b4
warp 5 0x800001a0 0x00100293 x  5  00000001
warp 3 0x8000034c 0xffc12083 x  1  800001c8
warp 4 0x800001b4 0x5e0040d7 v  1 11111111 00000000 00000000 00000000 00000000 00000000 00000000 00000000 00000000 
warp 5 0x800001a4 0x5e02c0d7 v  1 11111111 00000001 00000001 00000001 00000001 00000001 00000001 00000001 00000001 
warp 4 0x800001b8 0x00000317 x  6  800001b8
warp 5 0x800001a8 0x00000317 x  6  800001a8
warp 6 0x80000054 0x803022f3 x  5  90043000
warp 4 0x800001bc 0x0283305b  setrpc 0x800001e0 
warp 4 0x800001bc 0x0283305b x  0  800001e0
warp 5 0x800001ac 0x0383305b  setrpc 0x800001e0 
warp 5 0x800001ac 0x0383305b x  0  800001e0
warp 6 0x80000058 0x0002a303 lsu.r x   6 op 0 @ 90043000+00000000
warp 4 0x800001c0 0x00009e5b vbranch     current mask and npc:   11111111    0x800001c4
warp 6 0x8000005c 0x0042a503 lsu.r x  10 op 0 @ 90043000+00000004
warp 5 0x800001b0 0x0200825b vbranch     current mask and npc:   11111111    0x800001b4
warp 6 0x80000060 0x0302a383 lsu.r x   7 op 0 @ 90043000+00000030
warp 6 0x80000064 0x0342ae03 lsu.r x  28 op 0 @ 90043000+00000034
warp 5 0x800001b8 0x00000317 x  6  800001b8
warp 5 0x800001b4 0x5e0040d7 v  1 11111111 00000000 00000000 00000000 00000000 00000000 00000000 00000000 00000000 
warp 4 0x800001c4 0x168000ef x  1  800001c8
warp 4 0x800001c4 0x168000ef Jump? 1  8000032c
warp 6 0x80000060 0x0302a383 x  7  00000000
warp 5 0x800001bc 0x0283305b  setrpc 0x800001e0 
warp 5 0x800001bc 0x0283305b x  0  800001e0
warp 5 0x800001c0 0x00009e5b vbranch     current mask and npc:   11111111    0x800001c4
warp 7 0x80000000 0x00004197 x  3  80004000
warp 6 0x80000058 0x0002a303 x  6  800000a8
warp 5 0x800001c4 0x168000ef x  1  800001c8
warp 5 0x800001c4 0x168000ef Jump? 1  8000032c
warp 4 0x8000032c 0x00410113 x  2  70000c14
warp 7 0x80000004 0x80818193 x  3  80003808
warp 4 0x80000334 0xf71ff0ef x  1  80000338
warp 4 0x80000334 0xf71ff0ef Jump? 1  800002a4
warp 4 0x80000330 0xfe112e23 lsu.w x   1 op 3 800001c8 @ 70000c14+fffffffc
warp 6 0x8000005c 0x0042a503 x 10  90002000
warp 6 0x80000064 0x0342ae03 x 28  00000000
warp 5 0x8000032c 0x00410113 x  2  70000814
warp 6 0x80000068 0x00003e97 x 29  80003068
warp 4 0x800002a4 0x80302573 x 10  90043000
warp 5 0x80000330 0xfe112e23 lsu.w x   1 op 3 800001c8 @ 70000814+fffffffc
warp 4 0x80000330 0xfe112e23 lsu.w fin
warp 6 0x80000070 0x00003f17 x 30  80003070
warp 6 0x8000006c 0xf98e8e93 x 29  80003000
warp 5 0x80000334 0xf71ff0ef x  1  80000338
warp 5 0x80000334 0xf71ff0ef Jump? 1  800002a4
warp 4 0x800002a8 0x00852283 lsu.r x   5 op 0 @ 90043000+00000008
warp 4 0x800002ac 0x80002373 x  6  00000018
warp 6 0x80000074 0xf94f0f13 x 30  80003004
warp 4 0x800002b0 0x5208a157 v  2 11111111 00000007 00000006 00000005 00000004 00000003 00000002 00000001 00000000 
warp 5 0x80000330 0xfe112e23 lsu.w fin
warp 4 0x800002a8 0x00852283 x  5  00000001
warp 4 0x800002b4 0x02234057 v  0 11111111 0000001f 0000001e 0000001d 0000001c 0000001b 0000001a 00000019 00000018 
warp 5 0x800002a4 0x80302573 x 10  90043000
warp 4 0x800002b8 0x00100393 x  7  00000001
warp 5 0x800002a8 0x00852283 lsu.r x   5 op 0 @ 90043000+00000008
warp 5 0x800002b0 0x5208a157 v  2 11111111 00000007 00000006 00000005 00000004 00000003 00000002 00000001 00000000 
warp 4 0x800002bc 0x00728663 Jump? 1  800002c8
warp 5 0x800002ac 0x80002373 x  6  00000010
warp 6 0x80000080 0x00000f97 x 31  80000080
warp 6 0x8000007c 0x01cf2023 lsu.w x  28 op 0 00000000 @ 80003004+00000000
warp 6 0x80000078 0x007ea023 lsu.w x   7 op 0 00000000 @ 80003000+00000000
warp 5 0x800002a8 0x00852283 x  5  00000001
warp 5 0x800002b4 0x02234057 v  0 11111111 00000017 00000016 00000015 00000014 00000013 00000012 00000011 00000010 
warp 6 0x80000084 0x018f8f93 x 31  80000098
warp 5 0x800002b8 0x00100393 x  7  00000001
warp 4 0x800002c8 0x00008067 x  0  800002cc
warp 4 0x800002c8 0x00008067 Jump? 1  80000338
warp 6 0x8000007c 0x01cf2023 lsu.w fin
warp 6 0x80000088 0x305f9073 x  0  00000000
warp 5 0x800002bc 0x00728663 Jump? 1  800002c8
warp 6 0x8000008c 0x000300e7 x  1  80000090
warp 6 0x8000008c 0x000300e7 Jump? 1  800000a8
warp 4 0x80000338 0x80302573 x 10  90043000
warp 4 0x8000033c 0x80802373 x  6  00000000
warp 5 0x800002c8 0x00008067 x  0  800002cc
warp 4 0x80000340 0x01852e03 lsu.r x  28 op 0 @ 90043000+00000018
warp 6 0x80000078 0x007ea023 lsu.w fin
warp 5 0x800002c8 0x00008067 Jump? 1  80000338
warp 6 0x800000a8 0x00c10113 x  2  7000040c
warp 6 0x800000ac 0x00420213 x  4  00000004
warp 5 0x80000338 0x80302573 x 10  90043000
warp 4 0x80000340 0x01852e03 x 28  00000040
warp 5 0x8000033c 0x80802373 x  6  00000000
warp 6 0x800000b4 0x5e024057 v 32 11111111 00000004 00000004 00000004 00000004 00000004 00000004 00000004 00000004 
warp 5 0x80000340 0x01852e03 lsu.r x  28 op 0 @ 90043000+00000018
warp 6 0x800000b8 0xfe112a23 lsu.w x   1 op 3 80000090 @ 7000040c+fffffff4
warp 6 0x800000bc 0xfea12e23 lsu.w x  10 op 3 90002000 @ 7000040c+fffffffc
warp 4 0x80000344 0x03c30fb3 x 31  00000000
warp 5 0x80000340 0x01852e03 x 28  00000040
warp 6 0x800000c0 0x00852283 lsu.r x   5 op 0 @ 90002000+00000008
warp 4 0x80000348 0x020fc057 v  0 11111111 0000001f 0000001e 0000001d 0000001c 0000001b 0000001a 00000019 00000018 
warp 6 0x800000b8 0xfe112a23 lsu.w fin
warp 7 0x80000008 0x02000e93 x 29  00000020
warp 4 0x80000350 0x0400c00b barrier
warp 4 0x8000034c 0xffc12083 lsu.r x   1 op 3 @ 70000c14+fffffffc
warp 7 0x8000000c 0x0d0efed7 x 29  00000008
warp 5 0x80000344 0x03c30fb3 x 31  00000000
warp 6 0x800000c0 0x00852283 x  5  00000035
warp 7 0x80000010 0x00002eb7 x 29  00002000
warp 5 0x80000348 0x020fc057 v  0 11111111 00000017 00000016 00000015 00000014 00000013 00000012 00000011 00000010 
warp 6 0x800000c4 0xfe512c23 lsu.w x   5 op 3 00000035 @ 7000040c+fffffff8
warp 6 0x800000bc 0xfea12e23 lsu.w fin
warp 7 0x80000014 0x300eaef3 x 29  00001800
warp 5 0x80000350 0x0400c00b barrier
warp 6 0x800000c8 0x5e004057 v  0 11111111 00000000 00000000 00000000 00000000 00000000 00000000 00000000 00000000 
warp 6 0x800000cc 0x0b8000ef x  1  800000d0
warp 6 0x800000cc 0x0b8000ef Jump? 1  80000184
warp 5 0x8000034c 0xffc12083 lsu.r x   1 op 3 @ 70000814+fffffffc
warp 7 0x80000018 0x00000e93 x 29  00000000
warp 7 0x8000001c 0x80502373 x  6  00000000
warp 7 0x80000020 0x806023f3 x  7  70000000
warp 7 0x80000024 0x40000e13 x 28  00000400
warp 6 0x80000184 0x00410113 x  2  70000410
warp 6 0x800000c4 0xfe512c23 lsu.w fin
warp 4 0x8000034c 0xffc12083 x  1  800001c8
warp 6 0x80000188 0xfe112e23 lsu.w x   1 op 3 800000d0 @ 70000410+fffffffc
warp 6 0x8000018c 0x00200293 x  5  00000002
warp 7 0x80000028 0x03c30333 x  6  00000000
warp 6 0x80000190 0x5e02c0d7 v  1 11111111 00000002 00000002 00000002 00000002 00000002 00000002 00000002 00000002 
warp 7 0x8000002c 0x00730133 x  2  70000000
warp 6 0x80000188 0xfe112e23 lsu.w fin
warp 7 0x80000034 0x00003517 x 10  80003034
warp 6 0x80000194 0x00000317 x  6  80000194
warp 7 0x80000030 0x00000213 x  4  00000000
warp 5 0x8000034c 0xffc12083 x  1  800001c8
warp 7 0x80000038 0xfd450513 x 10  80003008
warp 6 0x80000198 0x04c3305b  setrpc 0x800001e0 
warp 6 0x80000198 0x04c3305b x  0  800001e0
warp 7 0x8000003c 0x00003617 x 12  8000303c
warp 6 0x8000019c 0x0200885b vbranch     current mask and npc:   11111111    0x800001a0
warp 7 0x80000040 0xfcc60613 x 12  80003008
warp 6 0x800001a0 0x00100293 x  5  00000001
warp 7 0x80000044 0x00c50863 Jump? 1  80000054
warp 6 0x800001a4 0x5e02c0d7 v  1 11111111 00000001 00000001 00000001 00000001 00000001 00000001 00000001 00000001 
warp 6 0x800001a8 0x00000317 x  6  800001a8
warp 6 0x800001ac 0x0383305b  setrpc 0x800001e0 
warp 6 0x800001ac 0x0383305b x  0  800001e0
warp 6 0x800001b0 0x0200825b vbranch     current mask and npc:   11111111    0x800001b4
warp 7 0x80000054 0x803022f3 x  5  90043000
warp 6 0x800001b4 0x5e0040d7 v  1 11111111 00000000 00000000 00000000 00000000 00000000 00000000 00000000 00000000 
warp 7 0x80000058 0x0002a303 lsu.r x   6 op 0 @ 90043000+00000000
warp 6 0x800001b8 0x00000317 x  6  800001b8
warp 7 0x8000005c 0x0042a503 lsu.r x  10 op 0 @ 90043000+00000004
warp 7 0x80000060 0x0302a383 lsu.r x   7 op 0 @ 90043000+00000030
warp 7 0x80000058 0x0002a303 x  6  800000a8
warp 7 0x80000064 0x0342ae03 lsu.r x  28 op 0 @ 90043000+00000034
warp 7 0x80000068 0x00003e97 x 29  80003068
warp 6 0x800001bc 0x0283305b  setrpc 0x800001e0 
warp 6 0x800001bc 0x0283305b x  0  800001e0
warp 7 0x8000005c 0x0042a503 x 10  90002000
warp 6 0x800001c0 0x00009e5b vbranch     current mask and npc:   11111111    0x800001c4
warp 7 0x80000070 0x00003f17 x 30  80003070
warp 7 0x8000006c 0xf98e8e93 x 29  80003000
warp 6 0x800001c4 0x168000ef x  1  800001c8
warp 6 0x800001c4 0x168000ef Jump? 1  8000032c
warp 7 0x80000060 0x0302a383 x  7  00000000
warp 7 0x80000074 0xf94f0f13 x 30  80003004
warp 7 0x80000064 0x0342ae03 x 28  00000000
warp 7 0x80000078 0x007ea023 lsu.w x   7 op 0 00000000 @ 80003000+00000000
warp 7 0x80000080 0x00000f97 x 31  80000080
warp 6 0x8000032c 0x00410113 x  2  70000414
warp 7 0x8000007c 0x01cf2023 lsu.w x  28 op 0 00000000 @ 80003004+00000000
warp 7 0x80000078 0x007ea023 lsu.w fin
warp 7 0x80000084 0x018f8f93 x 31  80000098
warp 6 0x80000330 0xfe112e23 lsu.w x   1 op 3 800001c8 @ 70000414+fffffffc
warp 6 0x80000334 0xf71ff0ef x  1  80000338
warp 6 0x80000334 0xf71ff0ef Jump? 1  800002a4
warp 7 0x80000088 0x305f9073 x  0  00000000
warp 7 0x8000008c 0x000300e7 x  1  80000090
warp 7 0x8000008c 0x000300e7 Jump? 1  800000a8
warp 6 0x800002a4 0x80302573 x 10  90043000
warp 6 0x80000330 0xfe112e23 lsu.w fin
warp 7 0x8000007c 0x01cf2023 lsu.w fin
warp 6 0x800002a8 0x00852283 lsu.r x   5 op 0 @ 90043000+00000008
warp 7 0x800000a8 0x00c10113 x  2  7000000c
warp 6 0x800002b0 0x5208a157 v  2 11111111 00000007 00000006 00000005 00000004 00000003 00000002 00000001 00000000 
warp 6 0x800002ac 0x80002373 x  6  00000008
warp 7 0x800000ac 0x00420213 x  4  00000004
warp 6 0x800002a8 0x00852283 x  5  00000001
warp 6 0x800002b4 0x02234057 v  0 11111111 0000000f 0000000e 0000000d 0000000c 0000000b 0000000a 00000009 00000008 
warp 7 0x800000b4 0x5e024057 v 32 11111111 00000004 00000004 00000004 00000004 00000004 00000004 00000004 00000004 
warp 6 0x800002b8 0x00100393 x  7  00000001
warp 7 0x800000b8 0xfe112a23 lsu.w x   1 op 3 80000090 @ 7000000c+fffffff4
warp 7 0x800000bc 0xfea12e23 lsu.w x  10 op 3 90002000 @ 7000000c+fffffffc
warp 7 0x800000c0 0x00852283 lsu.r x   5 op 0 @ 90002000+00000008
warp 6 0x800002bc 0x00728663 Jump? 1  800002c8
warp 7 0x800000b8 0xfe112a23 lsu.w fin
warp 6 0x800002c8 0x00008067 x  0  800002cc
warp 6 0x800002c8 0x00008067 Jump? 1  80000338
warp 7 0x800000bc 0xfea12e23 lsu.w fin
warp 6 0x80000338 0x80302573 x 10  90043000
warp 6 0x8000033c 0x80802373 x  6  00000000
warp 6 0x80000340 0x01852e03 lsu.r x  28 op 0 @ 90043000+00000018
warp 6 0x80000340 0x01852e03 x 28  00000040
warp 7 0x800000c0 0x00852283 x  5  00000035
warp 6 0x80000344 0x03c30fb3 x 31  00000000
warp 7 0x800000c4 0xfe512c23 lsu.w x   5 op 3 00000035 @ 7000000c+fffffff8
warp 7 0x800000c8 0x5e004057 v  0 11111111 00000000 00000000 00000000 00000000 00000000 00000000 00000000 00000000 
warp 7 0x800000cc 0x0b8000ef x  1  800000d0
warp 7 0x800000cc 0x0b8000ef Jump? 1  80000184
warp 6 0x80000348 0x020fc057 v  0 11111111 0000000f 0000000e 0000000d 0000000c 0000000b 0000000a 00000009 00000008 
warp 6 0x8000034c 0xffc12083 lsu.r x   1 op 3 @ 70000414+fffffffc
warp 6 0x80000350 0x0400c00b barrier
warp 7 0x800000c4 0xfe512c23 lsu.w fin
warp 7 0x80000184 0x00410113 x  2  70000010
warp 7 0x80000188 0xfe112e23 lsu.w x   1 op 3 800000d0 @ 70000010+fffffffc
warp 7 0x8000018c 0x00200293 x  5  00000002
warp 7 0x80000194 0x00000317 x  6  80000194
warp 7 0x80000190 0x5e02c0d7 v  1 11111111 00000002 00000002 00000002 00000002 00000002 00000002 00000002 00000002 
warp 7 0x80000188 0xfe112e23 lsu.w fin
warp 6 0x8000034c 0xffc12083 x  1  800001c8
warp 7 0x80000198 0x04c3305b  setrpc 0x800001e0 
warp 7 0x80000198 0x04c3305b x  0  800001e0
warp 7 0x8000019c 0x0200885b vbranch     current mask and npc:   11111111    0x800001a0
warp 7 0x800001a0 0x00100293 x  5  00000001
warp 7 0x800001a8 0x00000317 x  6  800001a8
warp 7 0x800001a4 0x5e02c0d7 v  1 11111111 00000001 00000001 00000001 00000001 00000001 00000001 00000001 00000001 
warp 7 0x800001ac 0x0383305b  setrpc 0x800001e0 
warp 7 0x800001ac 0x0383305b x  0  800001e0
warp 7 0x800001b0 0x0200825b vbranch     current mask and npc:   11111111    0x800001b4
warp 7 0x800001b8 0x00000317 x  6  800001b8
warp 7 0x800001b4 0x5e0040d7 v  1 11111111 00000000 00000000 00000000 00000000 00000000 00000000 00000000 00000000 
warp 7 0x800001bc 0x0283305b  setrpc 0x800001e0 
warp 7 0x800001bc 0x0283305b x  0  800001e0
warp 7 0x800001c0 0x00009e5b vbranch     current mask and npc:   11111111    0x800001c4
warp 7 0x800001c4 0x168000ef x  1  800001c8
warp 7 0x800001c4 0x168000ef Jump? 1  8000032c
warp 7 0x8000032c 0x00410113 x  2  70000014
warp 7 0x80000334 0xf71ff0ef x  1  80000338
warp 7 0x80000334 0xf71ff0ef Jump? 1  800002a4
warp 7 0x80000330 0xfe112e23 lsu.w x   1 op 3 800001c8 @ 70000014+fffffffc
warp 7 0x80000330 0xfe112e23 lsu.w fin
warp 7 0x800002a4 0x80302573 x 10  90043000
warp 7 0x800002a8 0x00852283 lsu.r x   5 op 0 @ 90043000+00000008
warp 7 0x800002ac 0x80002373 x  6  00000000
warp 7 0x800002b0 0x5208a157 v  2 11111111 00000007 00000006 00000005 00000004 00000003 00000002 00000001 00000000 
warp 7 0x800002b4 0x02234057 v  0 11111111 00000007 00000006 00000005 00000004 00000003 00000002 00000001 00000000 
warp 7 0x800002b8 0x00100393 x  7  00000001
warp 7 0x800002a8 0x00852283 x  5  00000001
warp 7 0x800002bc 0x00728663 Jump? 1  800002c8
warp 7 0x800002c8 0x00008067 x  0  800002cc
warp 7 0x800002c8 0x00008067 Jump? 1  80000338
warp 7 0x80000338 0x80302573 x 10  90043000
warp 7 0x8000033c 0x80802373 x  6  00000000
warp 7 0x80000340 0x01852e03 lsu.r x  28 op 0 @ 90043000+00000018
warp 7 0x80000340 0x01852e03 x 28  00000040
warp 7 0x80000344 0x03c30fb3 x 31  00000000
warp 7 0x80000348 0x020fc057 v  0 11111111 00000007 00000006 00000005 00000004 00000003 00000002 00000001 00000000 
warp 7 0x8000034c 0xffc12083 lsu.r x   1 op 3 @ 70000014+fffffffc
warp 7 0x80000350 0x0400c00b barrier
warp 0 0x80000354 0xffc10113 x  2  70001c10
warp 1 0x80000354 0xffc10113 x  2  70001810
warp 2 0x80000354 0xffc10113 x  2  70001410
warp 3 0x80000354 0xffc10113 x  2  70001010
warp 4 0x80000354 0xffc10113 x  2  70000c10
warp 5 0x80000354 0xffc10113 x  2  70000810
warp 6 0x80000354 0xffc10113 x  2  70000410
warp 7 0x80000354 0xffc10113 x  2  70000010
warp 0 0x80000358 0x00008067 x  0  8000035c
warp 0 0x80000358 0x00008067 Jump? 1  800001c8
warp 1 0x80000358 0x00008067 x  0  8000035c
warp 2 0x80000358 0x00008067 x  0  8000035c
warp 1 0x80000358 0x00008067 Jump? 1  800001c8
warp 2 0x80000358 0x00008067 x  0  8000035c
warp 2 0x80000358 0x00008067 Jump? 1  800001c8
warp 4 0x80000358 0x00008067 x  0  8000035c
warp 4 0x80000358 0x00008067 Jump? 1  800001c8
warp 5 0x80000358 0x00008067 x  0  8000035c
warp 5 0x80000358 0x00008067 Jump? 1  800001c8
warp 3 0x80000358 0x00008067 x  0  8000035c
warp 0 0x800001c8 0x0180006f x  0  800001cc
warp 3 0x80000358 0x00008067 Jump? 1  800001c8
warp 0 0x800001c8 0x0180006f x  0  800001cc
warp 0 0x800001c8 0x0180006f Jump? 1  800001e0
warp 6 0x80000358 0x00008067 x  0  8000035c
warp 6 0x80000358 0x00008067 Jump? 1  800001c8
warp 7 0x8000034c 0xffc12083 x  1  800001c8
warp 1 0x800001c8 0x0180006f x  0  800001cc
warp 1 0x800001c8 0x0180006f Jump? 1  800001e0
warp 7 0x80000358 0x00008067 x  0  8000035c
warp 7 0x80000358 0x00008067 Jump? 1  800001c8
warp 0 0x800001e0 0x0000205b join    mask and npc:    00000000 0x00000000 pop stack ? 0
warp 0 0x800001e0 0x0000205b Jump? 0  00000000
warp 1 0x800001e0 0x0000205b join    mask and npc:    00000000 0x00000000 pop stack ? 0
warp 1 0x800001e0 0x0000205b Jump? 0  00000000
warp 1 0x800001e0 0x0000205b join    mask and npc:    00000000 0x00000000 pop stack ? 0
warp 0 0x800001e4 0xffc12083 lsu.r x   1 op 3 @ 70001c10+fffffffc
warp 1 0x800001e4 0xffc12083 lsu.r x   1 op 3 @ 70001810+fffffffc
warp 0 0x800001e8 0x0400c00b barrier
warp 1 0x800001e8 0x0400c00b barrier
warp 2 0x800001c8 0x0180006f x  0  800001cc
warp 2 0x800001c8 0x0180006f Jump? 1  800001e0
warp 3 0x800001c8 0x0180006f x  0  800001cc
warp 3 0x800001c8 0x0180006f Jump? 1  800001e0
warp 2 0x800001e0 0x0000205b join    mask and npc:    00000000 0x00000000 pop stack ? 0
warp 2 0x800001e0 0x0000205b Jump? 0  00000000
warp 2 0x800001e8 0x0400c00b barrier
warp 2 0x800001e4 0xffc12083 lsu.r x   1 op 3 @ 70001410+fffffffc
warp 3 0x800001e0 0x0000205b join    mask and npc:    00000000 0x00000000 pop stack ? 0
warp 3 0x800001e0 0x0000205b Jump? 0  00000000
warp 0 0x800001e4 0xffc12083 x  1  800000d0
warp 3 0x800001e8 0x0400c00b barrier
warp 3 0x800001e4 0xffc12083 lsu.r x   1 op 3 @ 70001010+fffffffc
warp 1 0x800001e4 0xffc12083 x  1  800000d0
warp 4 0x800001c8 0x0180006f x  0  800001cc
warp 4 0x800001c8 0x0180006f Jump? 1  800001e0
warp 5 0x800001c8 0x0180006f x  0  800001cc
warp 5 0x800001c8 0x0180006f Jump? 1  800001e0
warp 4 0x800001e0 0x0000205b join    mask and npc:    00000000 0x00000000 pop stack ? 0
warp 4 0x800001e0 0x0000205b Jump? 0  00000000
warp 4 0x800001e8 0x0400c00b barrier
warp 4 0x800001e4 0xffc12083 lsu.r x   1 op 3 @ 70000c10+fffffffc
warp 5 0x800001e0 0x0000205b join    mask and npc:    00000000 0x00000000 pop stack ? 0
warp 5 0x800001e0 0x0000205b Jump? 0  00000000
warp 2 0x800001e4 0xffc12083 x  1  800000d0
warp 5 0x800001e8 0x0400c00b barrier
warp 5 0x800001e4 0xffc12083 lsu.r x   1 op 3 @ 70000810+fffffffc
warp 6 0x800001c8 0x0180006f x  0  800001cc
warp 6 0x800001c8 0x0180006f Jump? 1  800001e0
warp 3 0x800001e4 0xffc12083 x  1  800000d0
warp 7 0x800001c8 0x0180006f x  0  800001cc
warp 7 0x800001c8 0x0180006f Jump? 1  800001e0
warp 6 0x800001e0 0x0000205b join    mask and npc:    00000000 0x00000000 pop stack ? 0
warp 5 0x800001e4 0xffc12083 x  1  800000d0
warp 6 0x800001e0 0x0000205b Jump? 0  00000000
warp 6 0x800001e8 0x0400c00b barrier
warp 6 0x800001e4 0xffc12083 lsu.r x   1 op 3 @ 70000410+fffffffc
warp 7 0x800001e0 0x0000205b join    mask and npc:    00000000 0x00000000 pop stack ? 0
warp 4 0x800001e4 0xffc12083 x  1  800000d0
warp 7 0x800001e0 0x0000205b Jump? 0  00000000
warp 7 0x800001e8 0x0400c00b barrier
warp 7 0x800001e4 0xffc12083 lsu.r x   1 op 3 @ 70000010+fffffffc
warp 0 0x800001ec 0xffc10113 x  2  70001c0c
warp 1 0x800001ec 0xffc10113 x  2  7000180c
warp 2 0x800001ec 0xffc10113 x  2  7000140c
warp 3 0x800001ec 0xffc10113 x  2  7000100c
warp 4 0x800001ec 0xffc10113 x  2  70000c0c
warp 5 0x800001ec 0xffc10113 x  2  7000080c
warp 6 0x800001ec 0xffc10113 x  2  7000040c
warp 7 0x800001ec 0xffc10113 x  2  7000000c
warp 0 0x800001f0 0x00008067 x  0  800001f4
warp 0 0x800001f0 0x00008067 Jump? 1  800000d0
warp 1 0x800001f0 0x00008067 x  0  800001f4
warp 2 0x800001f0 0x00008067 x  0  800001f4
warp 1 0x800001f0 0x00008067 Jump? 1  800000d0
warp 2 0x800001f0 0x00008067 x  0  800001f4
warp 2 0x800001f0 0x00008067 Jump? 1  800000d0
warp 4 0x800001f0 0x00008067 x  0  800001f4
warp 4 0x800001f0 0x00008067 Jump? 1  800000d0
warp 5 0x800001f0 0x00008067 x  0  800001f4
warp 5 0x800001f0 0x00008067 Jump? 1  800000d0
warp 3 0x800001f0 0x00008067 x  0  800001f4
warp 3 0x800001f0 0x00008067 Jump? 1  800000d0
warp 6 0x800001e4 0xffc12083 x  1  800000d0
warp 0 0x800000d0 0xff812283 lsu.r x   5 op 3 @ 70001c0c+fffffff8
warp 7 0x800001e4 0xffc12083 x  1  800000d0
warp 6 0x800001f0 0x00008067 x  0  800001f4
warp 6 0x800001f0 0x00008067 Jump? 1  800000d0
warp 7 0x800001f0 0x00008067 x  0  800001f4
warp 7 0x800001f0 0x00008067 Jump? 1  800000d0
warp 1 0x800000d0 0xff812283 lsu.r x   5 op 3 @ 7000180c+fffffff8
warp 2 0x800000d0 0xff812283 lsu.r x   5 op 3 @ 7000140c+fffffff8
warp 3 0x800000d0 0xff812283 lsu.r x   5 op 3 @ 7000100c+fffffff8
warp 0 0x800000d0 0xff812283 x  5  00000035
warp 4 0x800000d0 0xff812283 lsu.r x   5 op 3 @ 70000c0c+fffffff8
warp 3 0x800000d0 0xff812283 x  5  00000035
warp 0 0x800000d4 0x5e02c0d7 v  1 11111111 00000035 00000035 00000035 00000035 00000035 00000035 00000035 00000035 
warp 5 0x800000d0 0xff812283 lsu.r x   5 op 3 @ 7000080c+fffffff8
warp 0 0x800000d8 0x00000317 x  6  800000d8
warp 3 0x800000d8 0x00000317 x  6  800000d8
warp 3 0x800000d4 0x5e02c0d7 v  1 11111111 00000035 00000035 00000035 00000035 00000035 00000035 00000035 00000035 
warp 1 0x800000d0 0xff812283 x  5  00000035
warp 0 0x800000dc 0x0603305b  setrpc 0x80000138 
warp 2 0x800000d0 0xff812283 x  5  00000035
warp 6 0x800000d0 0xff812283 lsu.r x   5 op 3 @ 7000040c+fffffff8
warp 0 0x800000dc 0x0603305b x  0  80000138
warp 3 0x800000dc 0x0603305b  setrpc 0x80000138 
warp 3 0x800000dc 0x0603305b x  0  80000138
warp 3 0x800000e0 0x0400dc5b vbranch     current mask and npc:   11111111    0x800000e4
warp 2 0x800000d4 0x5e02c0d7 v  1 11111111 00000035 00000035 00000035 00000035 00000035 00000035 00000035 00000035 
warp 1 0x800000d4 0x5e02c0d7 v  1 11111111 00000035 00000035 00000035 00000035 00000035 00000035 00000035 00000035 
warp 0 0x800000e0 0x0400dc5b Jump? 1  80000138
warp 1 0x800000d8 0x00000317 x  6  800000d8
warp 2 0x800000d8 0x00000317 x  6  800000d8
warp 3 0x800000e4 0xffc12403 lsu.r x   8 op 3 @ 7000100c+fffffffc
warp 4 0x800000d0 0xff812283 x  5  00000035
warp 1 0x800000dc 0x0603305b  setrpc 0x80000138 
warp 1 0x800000dc 0x0603305b x  0  80000138
warp 2 0x800000dc 0x0603305b  setrpc 0x80000138 
warp 2 0x800000dc 0x0603305b x  0  80000138
warp 5 0x800000d0 0xff812283 x  5  00000035
warp 1 0x800000e0 0x0400dc5b Jump? 1  80000138
warp 4 0x800000d8 0x00000317 x  6  800000d8
warp 4 0x800000d4 0x5e02c0d7 v  1 11111111 00000035 00000035 00000035 00000035 00000035 00000035 00000035 00000035 
warp 2 0x800000e0 0x0400dc5b vbranch     current mask and npc:   11111111    0x800000e4
warp 5 0x800000d4 0x5e02c0d7 v  1 11111111 00000035 00000035 00000035 00000035 00000035 00000035 00000035 00000035 
warp 4 0x800000dc 0x0603305b  setrpc 0x80000138 
warp 4 0x800000dc 0x0603305b x  0  80000138
warp 5 0x800000d8 0x00000317 x  6  800000d8
warp 2 0x800000e4 0xffc12403 lsu.r x   8 op 3 @ 7000140c+fffffffc
warp 6 0x800000d0 0xff812283 x  5  00000035
warp 4 0x800000e0 0x0400dc5b vbranch     current mask and npc:   11111111    0x800000e4
warp 5 0x800000dc 0x0603305b  setrpc 0x80000138 
warp 5 0x800000dc 0x0603305b x  0  80000138
warp 5 0x800000e0 0x0400dc5b vbranch     current mask and npc:   11111111    0x800000e4
warp 6 0x800000d8 0x00000317 x  6  800000d8
warp 6 0x800000d4 0x5e02c0d7 v  1 11111111 00000035 00000035 00000035 00000035 00000035 00000035 00000035 00000035 
warp 4 0x800000e4 0xffc12403 lsu.r x   8 op 3 @ 70000c0c+fffffffc
warp 5 0x800000e4 0xffc12403 lsu.r x   8 op 3 @ 7000080c+fffffffc
warp 6 0x800000dc 0x0603305b  setrpc 0x80000138 
warp 3 0x800000e4 0xffc12403 x  8  90002000
warp 0 0x80000138 0x0000205b Jump? 0  00000000
warp 0 0x80000138 0x0000205b join    mask and npc:    00000000 0x00000000 pop stack ? 0
warp 6 0x800000dc 0x0603305b x  0  80000138
warp 1 0x80000138 0x0000205b join    mask and npc:    00011111 0x800000e4 pop stack ? 1
warp 1 0x80000138 0x0000205b Jump? 1  800000e4
warp 3 0x800000e8 0x01042283 lsu.r x   5 op 0 @ 90002000+00000010
warp 0 0x8000013c 0xff412083 lsu.r x   1 op 3 @ 70001c0c+fffffff4
warp 0 0x80000140 0xff410113 x  2  70001c00
warp 3 0x800000f4 0x00042403 lsu.r x   8 op 0 @ 90002000+00000000
warp 2 0x800000e4 0xffc12403 x  8  90002000
warp 0 0x80000144 0xffc20213 x  4  00000000
warp 1 0x800000e4 0xffc12403 lsu.r x   8 op 3 @ 7000180c+fffffffc
warp 4 0x800000e4 0xffc12403 x  8  90002000
warp 0 0x8000013c 0xff412083 x  1  80000090
warp 2 0x800000ec 0x00c42303 lsu.r x   6 op 0 @ 90002000+0000000c
warp 5 0x800000e4 0xffc12403 x  8  90002000
warp 0 0x80000148 0x00008067 x  0  8000014c
warp 0 0x80000148 0x00008067 Jump? 1  80000090
warp 2 0x800000f4 0x00042403 lsu.r x   8 op 0 @ 90002000+00000000
warp 3 0x800000e8 0x01042283 x  5  42b40000
warp 3 0x800000f4 0x00042403 x  8  90000000
warp 3 0x800000ec 0x00c42303 lsu.r x   6 op 0 @ 90002000+0000000c
warp 2 0x800000ec 0x00c42303 x  6  41f00000
warp 4 0x800000e8 0x01042283 lsu.r x   5 op 0 @ 90002000+00000010
warp 2 0x800000f4 0x00042403 x  8  90000000
warp 4 0x800000f4 0x00042403 lsu.r x   8 op 0 @ 90002000+00000000
warp 0 0x80000090 0x0000400b endprg
warp 3 0x800000ec 0x00c42303 x  6  41f00000
warp 4 0x800000ec 0x00c42303 lsu.r x   6 op 0 @ 90002000+0000000c
warp 4 0x800000f8 0x9601b0d7 v  1 11111111 000000f8 000000f0 000000e8 000000e0 000000d8 000000d0 000000c8 000000c0 
warp 1 0x800000e4 0xffc12403 x  8  90002000
warp 5 0x800000e8 0x01042283 lsu.r x   5 op 0 @ 90002000+00000010
warp 5 0x800000ec 0x00c42303 lsu.r x   6 op 0 @ 90002000+0000000c
warp 4 0x800000e8 0x01042283 x  5  42b40000
warp 4 0x800000f4 0x00042403 x  8  90000000
warp 5 0x800000f0 0x00442383 lsu.r x   7 op 0 @ 90002000+00000004
warp 4 0x800000ec 0x00c42303 x  6  41f00000
warp 1 0x800000ec 0x00c42303 lsu.r x   6 op 0 @ 90002000+0000000c
warp 5 0x800000e8 0x01042283 x  5  42b40000
warp 4 0x800000fc 0x021440d7 v  1 11111111 900000f8 900000f0 900000e8 900000e0 900000d8 900000d0 900000c8 900000c0 
warp 1 0x800000e8 0x01042283 lsu.r x   5 op 0 @ 90002000+00000010
warp 5 0x800000ec 0x00c42303 x  6  41f00000
warp 5 0x800000f4 0x00042403 lsu.r x   8 op 0 @ 90002000+00000000
warp 6 0x800000e0 0x0400dc5b vbranch     current mask and npc:   11111111    0x800000e4
warp 5 0x800000f0 0x00442383 x  7  90001000
warp 7 0x800000d0 0xff812283 lsu.r x   5 op 3 @ 7000000c+fffffff8
warp 4 0x80000100 0x96013057 v  0 11111111 0000007c 00000078 00000074 00000070 0000006c 00000068 00000064 00000060 
warp 1 0x800000ec 0x00c42303 x  6  41f00000
warp 5 0x800000f8 0x9601b0d7 v  1 11111111 000000b8 000000b0 000000a8 000000a0 00000098 00000090 00000088 00000080 
warp 6 0x800000e4 0xffc12403 lsu.r x   8 op 3 @ 7000040c+fffffffc
warp 1 0x800000e8 0x01042283 x  5  42b40000
warp 1 0x800000f0 0x00442383 lsu.r x   7 op 0 @ 90002000+00000004
warp 5 0x800000f4 0x00042403 x  8  90000000
warp 1 0x800000f4 0x00042403 lsu.r x   8 op 0 @ 90002000+00000000
warp 5 0x800000fc 0x021440d7 v  1 11111111 900000b8 900000b0 900000a8 900000a0 90000098 90000090 90000088 90000080 
warp 5 0x80000100 0x96013057 v  0 11111111 0000005c 00000058 00000054 00000050 0000004c 00000048 00000044 00000040 
warp 4 0x800000f0 0x00442383 lsu.r x   7 op 0 @ 90002000+00000004
warp 1 0x800000f0 0x00442383 x  7  90001000
warp 3 0x800000f0 0x00442383 lsu.r x   7 op 0 @ 90002000+00000004
warp 1 0x800000f8 0x9601b0d7 v  1 00011111 000001b8 000001b0 000001a8 000001a0 00000198 00000190 00000188 00000180 
warp 3 0x800000f8 0x9601b0d7 v  1 11111111 00000138 00000130 00000128 00000120 00000118 00000110 00000108 00000100 
warp 1 0x800000f4 0x00042403 x  8  90000000
warp 5 0x80000108 0x0203c0d7 v 33 11111111 9000105c 90001058 90001054 90001050 9000104c 90001048 90001044 90001040 
warp 5 0x80000110 0x5e034157 v  2 11111111 41f00000 41f00000 41f00000 41f00000 41f00000 41f00000 41f00000 41f00000 
warp 5 0x8000010c 0x0000a07b lsu.r v  0 op 3 @ 900000b8+00000000 900000b0+00000000 900000a8+00000000 900000a0+00000000 90000098+00000000 90000090+00000000 90000088+00000000 90000080+00000000
warp 7 0x800000d0 0xff812283 x  5  00000035
warp 3 0x800000fc 0x021440d7 v  1 11111111 90000138 90000130 90000128 90000120 90000118 90000110 90000108 90000100 
warp 1 0x800000fc 0x021440d7 v  1 00011111 90000035 90000035 90000035 900001a0 90000198 90000190 90000188 90000180 
warp 1 0x80000100 0x96013057 v  0 00011111 000000dc 000000d8 000000d4 000000d0 000000cc 000000c8 000000c4 000000c0 
warp 7 0x800000d8 0x00000317 x  6  800000d8
warp 7 0x800000d4 0x5e02c0d7 v  1 11111111 00000035 00000035 00000035 00000035 00000035 00000035 00000035 00000035 
warp 5 0x80000114 0x0040a0fb lsu.r v  1 op 3 @ 900000b8+00000004 900000b0+00000004 900000a8+00000004 900000a0+00000004 90000098+00000004 90000090+00000004 90000088+00000004 90000080+00000004
warp 6 0x800000e4 0xffc12403 x  8  90002000
warp 3 0x80000100 0x96013057 v  0 11111111 0000009c 00000098 00000094 00000090 0000008c 00000088 00000084 00000080 
warp 1 0x80000108 0x0203c0d7 v 33 00011111 90001037 90001036 90001035 900010d0 900010cc 900010c8 900010c4 900010c0 
warp 7 0x800000dc 0x0603305b  setrpc 0x80000138 
warp 7 0x800000dc 0x0603305b x  0  80000138
warp 1 0x8000010c 0x0000a07b lsu.r v  0 op 3 @ 00000035+00000000 00000035+00000000 00000035+00000000 900001a0+00000000 90000198+00000000 90000190+00000000 90000188+00000000 90000180+00000000
warp 4 0x800000f0 0x00442383 x  7  90001000
warp 7 0x800000e0 0x0400dc5b vbranch     current mask and npc:   11111111    0x800000e4
warp 3 0x800000f0 0x00442383 x  7  90001000
warp 1 0x80000110 0x5e034157 v  2 00011111 41f00000 41f00000 41f00000 41f00000 41f00000 41f00000 41f00000 41f00000 
warp 6 0x800000ec 0x00c42303 lsu.r x   6 op 0 @ 90002000+0000000c
warp 4 0x80000108 0x0203c0d7 v 33 11111111 9000107c 90001078 90001074 90001070 9000106c 90001068 90001064 90001060 
warp 3 0x80000108 0x0203c0d7 v 33 11111111 9000109c 90001098 90001094 90001090 9000108c 90001088 90001084 90001080 
warp 6 0x800000f0 0x00442383 lsu.r x   7 op 0 @ 90002000+00000004
warp 4 0x8000010c 0x0000a07b lsu.r v  0 op 3 @ 900000f8+00000000 900000f0+00000000 900000e8+00000000 900000e0+00000000 900000d8+00000000 900000d0+00000000 900000c8+00000000 900000c0+00000000
warp 5 0x8000010c 0x0000a07b v  0 11111111 428a999a 4253999a 418f3333 42340000 4141999a 42813333 423a6666 41633333 
warp 5 0x80000114 0x0040a0fb v  1 11111111 43807333 43436666 4331cccd 411ccccd 43808000 42b10000 429c6666 42953333 
warp 3 0x8000010c 0x0000a07b lsu.r v  0 op 3 @ 90000138+00000000 90000130+00000000 90000128+00000000 90000120+00000000 90000118+00000000 90000110+00000000 90000108+00000000 90000100+00000000
warp 6 0x800000ec 0x00c42303 x  6  41f00000
warp 4 0x80000110 0x5e034157 v  2 11111111 41f00000 41f00000 41f00000 41f00000 41f00000 41f00000 41f00000 41f00000 
warp 6 0x800000f0 0x00442383 x  7  90001000
warp 6 0x800000f4 0x00042403 lsu.r x   8 op 0 @ 90002000+00000000
warp 5 0x80000118 0x0a201057 v  0 11111111 c21d3334 c1b73334 4141999a c1700000 418f3333 c20a6666 c184cccc 417ccccd 
warp 6 0x800000f8 0x9601b0d7 v  1 11111111 00000078 00000070 00000068 00000060 00000058 00000050 00000048 00000040 
warp 3 0x80000110 0x5e034157 v  2 11111111 41f00000 41f00000 41f00000 41f00000 41f00000 41f00000 41f00000 41f00000 
warp 7 0x800000e4 0xffc12403 lsu.r x   8 op 3 @ 7000000c+fffffffc
warp 1 0x8000010c 0x0000a07b v  0 00011111 00000000 00000000 00000000 41366666 4119999a 4114cccd 4248cccd 4252cccd 
warp 4 0x8000010c 0x0000a07b v  0 11111111 41aa6666 427e6666 41e8cccd 41680000 42460000 42153333 41accccd 416ccccd 
warp 4 0x80000114 0x0040a0fb lsu.r v  1 op 3 @ 900000f8+00000004 900000f0+00000004 900000e8+00000004 900000e0+00000004 900000d8+00000004 900000d0+00000004 900000c8+00000004 900000c0+00000004
warp 3 0x8000010c 0x0000a07b v  0 11111111 4240cccd 40eccccd 41c40000 41d9999a 422e6666 42046666 42453333 420e0000 
warp 5 0x8000011c 0x5e02c157 v  2 11111111 42b40000 42b40000 42b40000 42b40000 42b40000 42b40000 42b40000 42b40000 
warp 6 0x800000f4 0x00042403 x  8  90000000
warp 3 0x80000114 0x0040a0fb lsu.r v  1 op 3 @ 90000138+00000004 90000130+00000004 90000128+00000004 90000120+00000004 90000118+00000004 90000110+00000004 90000108+00000004 90000100+00000004
warp 4 0x80000118 0x0a201057 v  0 11111111 410b3334 c2066666 3f666660 41780000 c19c0000 c0e99998 41066666 41733333 
warp 1 0x80000118 0x0a201057 v  0 00011111 80000030 80000030 80000030 4194cccd 41a33333 41a5999a c1a1999a c1b5999a 
warp 4 0x8000011c 0x5e02c157 v  2 11111111 42b40000 42b40000 42b40000 42b40000 42b40000 42b40000 42b40000 42b40000 
warp 3 0x80000118 0x0a201057 v  0 11111111 c191999a 41b4cccd 40b00000 40333330 c1599998 c0466660 c19a6666 c0b00000 
warp 6 0x800000e8 0x01042283 lsu.r x   5 op 0 @ 90002000+00000010
warp 6 0x800000fc 0x021440d7 v  1 11111111 90000078 90000070 90000068 90000060 90000058 90000050 90000048 90000040 
warp 1 0x8000011c 0x5e02c157 v  2 00011111 42b40000 42b40000 42b40000 42b40000 42b40000 42b40000 42b40000 42b40000 
warp 3 0x8000011c 0x5e02c157 v  2 11111111 42b40000 42b40000 42b40000 42b40000 42b40000 42b40000 42b40000 42b40000 
warp 6 0x80000100 0x96013057 v  0 11111111 0000003c 00000038 00000034 00000030 0000002c 00000028 00000024 00000020 
warp 1 0x80000114 0x0040a0fb lsu.r v  1 op 3 @ 00000035+00000004 00000035+00000004 00000035+00000004 900001a0+00000004 90000198+00000004 90000190+00000004 90000188+00000004 90000180+00000004
warp 5 0x80000120 0x0a2090d7 v  1 11111111 c326e666 c2d2cccc c2af999a 42a06666 c3270000 3fc00000 413cccd0 41766668 
warp 2 0x800000e8 0x01042283 lsu.r x   5 op 0 @ 90002000+00000010
warp 4 0x80000114 0x0040a0fb v  1 11111111 43ab0000 4290cccd 43074ccd 429fcccd 438a4000 42bd0000 4347e666 41c40000 
warp 3 0x80000114 0x0040a0fb v  1 11111111 43246666 43ab7333 41de6666 43ac4000 43968000 43430000 4322199a 4323e666 
warp 6 0x80000108 0x0203c0d7 v 33 11111111 9000103c 90001038 90001034 90001030 9000102c 90001028 90001024 90001020 
warp 6 0x800000e8 0x01042283 x  5  42b40000
warp 6 0x8000010c 0x0000a07b lsu.r v  0 op 3 @ 90000078+00000000 90000070+00000000 90000068+00000000 90000060+00000000 90000058+00000000 90000050+00000000 90000048+00000000 90000040+00000000
warp 6 0x80000110 0x5e034157 v  2 11111111 41f00000 41f00000 41f00000 41f00000 41f00000 41f00000 41f00000 41f00000 
warp 5 0x80000124 0x921090d7 v  1 11111111 46d99f37 462d94a3 45f0e6b9 45c90051 46d9e200 40100000 430b3d75 436d28f9 
warp 7 0x800000e4 0xffc12403 x  8  90002000
warp 6 0x80000114 0x0040a0fb lsu.r v  1 op 3 @ 90000078+00000004 90000070+00000004 90000068+00000004 90000060+00000004 90000058+00000004 90000050+00000004 90000048+00000004 90000040+00000004
warp 4 0x80000120 0x0a2090d7 v  1 11111111 c37c0000 418ccccc c2353334 41219998 c33a8000 c0900000 c2dbcccc 42830000 
warp 3 0x80000120 0x0a2090d7 v  1 11111111 c294cccc c37ce666 4278cccd c37e8000 c3530000 c2d20000 c2903334 c293cccc 
warp 7 0x800000e8 0x01042283 lsu.r x   5 op 0 @ 90002000+00000010
warp 1 0x80000114 0x0040a0fb v  1 00011111 00000000 00000000 00000000 43a3f333 42d1999a 439de666 42b56666 4390b333 
warp 5 0x8000012c 0x020000ef x  1  80000130
warp 5 0x8000012c 0x020000ef Jump? 1  8000014c
warp 5 0x80000128 0xa2101057 v  0 11111111 46e5b032 4635c647 45f57a01 45d00851 46dc62d2 4495ed1e 43cf6667 43f36668 
warp 4 0x80000124 0x921090d7 v  1 11111111 47781000 439ae146 45004172 42cc051b 4707de40 41a20000 463cb809 45861200 
warp 3 0x80000124 0x921090d7 v  1 11111111 45acfadf 4779d668 4571cd71 477d0240 472de900 462c4400 45a27349 45aaa9ac 
warp 7 0x800000f0 0x00442383 lsu.r x   7 op 0 @ 90002000+00000004
warp 7 0x800000f4 0x00042403 lsu.r x   8 op 0 @ 90002000+00000000
warp 2 0x800000e8 0x01042283 x  5  42b40000
warp 4 0x8000012c 0x020000ef x  1  80000130
warp 4 0x8000012c 0x020000ef Jump? 1  8000014c
warp 3 0x8000012c 0x020000ef x  1  80000130
warp 4 0x80000128 0xa2101057 v  0 11111111 47785bb1 44b3d709 45004e68 43ab2147 47095a80 42931479 463dd246 458d4a52 
warp 3 0x8000012c 0x020000ef Jump? 1  8000014c
warp 5 0x8000014c 0x00410113 x  2  70000810
warp 7 0x800000ec 0x00c42303 lsu.r x   6 op 0 @ 90002000+0000000c
warp 3 0x80000128 0xa2101057 v  0 11111111 45b754cb 477bd52b 4573b171 477d0a17 472ea1f6 462c6a71 45ae1734 45ab9bac 
warp 7 0x800000f8 0x9601b0d7 v  1 11111111 00000038 00000030 00000028 00000020 00000018 00000010 00000008 00000000 
warp 5 0x80000154 0x014000ef x  1  80000158
warp 1 0x80000120 0x0a2090d7 v  1 00011111 8000002e 8000002f 80000030 c36de666 c16cccd0 c361cccc bf333300 c3476666 
warp 5 0x80000154 0x014000ef Jump? 1  80000168
warp 5 0x80000150 0xfe112e23 lsu.w x   1 op 3 80000130 @ 70000810+fffffffc
warp 6 0x8000010c 0x0000a07b v  0 11111111 424ecccd 425e6666 41480000 42146666 4285cccd 40f33333 422a6666 417ccccd 
warp 3 0x8000014c 0x00410113 x  2  70001010
warp 2 0x800000f0 0x00442383 lsu.r x   7 op 0 @ 90002000+00000004
warp 7 0x800000f0 0x00442383 x  7  90001000
warp 2 0x800000f8 0x9601b0d7 v  1 11111111 00000178 00000170 00000168 00000160 00000158 00000150 00000148 00000140 
warp 1 0x80000124 0x921090d7 v  1 00011111 00000000 00000000 00000000 475d1468 435b0a43 474729a2 3efae0b8 471b505c 
warp 3 0x80000150 0xfe112e23 lsu.w x   1 op 3 80000130 @ 70001010+fffffffc
warp 6 0x8000011c 0x5e02c157 v  2 11111111 42b40000 42b40000 42b40000 42b40000 42b40000 42b40000 42b40000 42b40000 
warp 3 0x80000154 0x014000ef x  1  80000158
warp 6 0x80000118 0x0a201057 v  0 11111111 c1ad999a c1cccccc 418c0000 c0e33330 c213999a 41b33333 c1499998 41633333 
warp 3 0x80000154 0x014000ef Jump? 1  80000168
warp 2 0x800000fc 0x021440d7 v  1 11111111 90000178 90000170 90000168 90000160 90000158 90000150 90000148 90000140 
warp 5 0x80000150 0xfe112e23 lsu.w fin
warp 4 0x8000014c 0x00410113 x  2  70000c10
warp 1 0x8000012c 0x020000ef x  1  80000130
warp 6 0x80000114 0x0040a0fb v  1 11111111 42dccccd 4381999a 4131999a 42ad3333 423a0000 40dccccd 4392e666 42a86666 
warp 1 0x8000012c 0x020000ef Jump? 1  8000014c
warp 7 0x800000e8 0x01042283 x  5  42b40000
warp 7 0x800000f4 0x00042403 x  8  90000000
warp 2 0x80000100 0x96013057 v  0 11111111 000000bc 000000b8 000000b4 000000b0 000000ac 000000a8 000000a4 000000a0 
warp 7 0x800000ec 0x00c42303 x  6  41f00000
warp 4 0x80000150 0xfe112e23 lsu.w x   1 op 3 80000130 @ 70000c10+fffffffc
warp 1 0x80000128 0xa2101057 v  0 00011111 00000035 00000035 00000035 475e6e5e 441eccce 4748d61f 43cc43d8 471d53a6 
warp 4 0x80000154 0x014000ef x  1  80000158
warp 4 0x80000154 0x014000ef Jump? 1  80000168
warp 7 0x800000fc 0x021440d7 v  1 11111111 90000038 90000030 90000028 90000020 90000018 90000010 90000008 90000000 
warp 7 0x80000100 0x96013057 v  0 11111111 0000001c 00000018 00000014 00000010 0000000c 00000008 00000004 00000000 
warp 2 0x800000f0 0x00442383 x  7  90001000
warp 6 0x80000120 0x0a2090d7 v  1 11111111 c1a33334 c3293334 429dcccd 405999a0 422e0000 42a63333 c34bcccc 40b999a0 
warp 3 0x80000150 0xfe112e23 lsu.w fin
warp 1 0x8000014c 0x00410113 x  2  70001810
warp 4 0x80000150 0xfe112e23 lsu.w fin
warp 2 0x80000108 0x0203c0d7 v 33 11111111 900010bc 900010b8 900010b4 900010b0 900010ac 900010a8 900010a4 900010a0 
warp 3 0x80000168 0x00410113 x  2  70001014
warp 2 0x8000010c 0x0000a07b lsu.r v  0 op 3 @ 90000178+00000000 90000170+00000000 90000168+00000000 90000160+00000000 90000158+00000000 90000150+00000000 90000148+00000000 90000140+00000000
warp 1 0x80000154 0x014000ef x  1  80000158
warp 6 0x80000124 0x921090d7 v  1 11111111 43d0147d 46dfa94a 45c289af 4138f5cd 44ec8800 45d7cce1 47223e6f 42068f65 
warp 1 0x80000150 0xfe112e23 lsu.w x   1 op 3 80000130 @ 70001810+fffffffc
warp 1 0x80000154 0x014000ef Jump? 1  80000168
warp 3 0x8000016c 0xfe112e23 lsu.w x   1 op 3 80000158 @ 70001014+fffffffc
warp 3 0x80000178 0x0400c00b barrier
warp 2 0x80000114 0x0040a0fb lsu.r v  1 op 3 @ 90000178+00000004 90000170+00000004 90000168+00000004 90000160+00000004 90000158+00000004 90000150+00000004 90000148+00000004 90000140+00000004
warp 1 0x80000150 0xfe112e23 lsu.w fin
warp 2 0x80000110 0x5e034157 v  2 11111111 41f00000 41f00000 41f00000 41f00000 41f00000 41f00000 41f00000 41f00000 
warp 1 0x80000168 0x00410113 x  2  70001814
warp 3 0x80000174 0xffc12083 lsu.r x   1 op 3 @ 70001014+fffffffc
warp 6 0x8000012c 0x020000ef x  1  80000130
warp 6 0x80000128 0xa2101057 v  0 11111111 445dc335 46e4c802 45cc1baf 4277e145 454b5dc3 45e77af5 4722dd32 436b47b0 
warp 3 0x8000016c 0xfe112e23 lsu.w fin
warp 6 0x8000012c 0x020000ef Jump? 1  8000014c
warp 1 0x8000016c 0xfe112e23 lsu.w x   1 op 3 80000158 @ 70001814+fffffffc
warp 2 0x8000010c 0x0000a07b v  0 11111111 425a6666 427d3333 41780000 41f40000 42673333 419ccccd 419c0000 41bc0000 
warp 2 0x80000114 0x0040a0fb v  1 11111111 437f4ccd 43a3c000 4341199a 430ce666 41accccd 43244ccd 42ea3333 43964000 
warp 1 0x8000016c 0xfe112e23 lsu.w fin
warp 3 0x80000174 0xffc12083 x  1  80000158
warp 3 0x80000170 0x4e001057 v  0 11111111 42992ffd 437de865 4279c552 437e83f1 43537016 42d2176d 429546e5 42943571 
warp 4 0x80000168 0x00410113 x  2  70000c14
warp 2 0x8000011c 0x5e02c157 v  2 11111111 42b40000 42b40000 42b40000 42b40000 42b40000 42b40000 42b40000 42b40000 
warp 1 0x80000174 0xffc12083 lsu.r x   1 op 3 @ 70001814+fffffffc
warp 2 0x80000118 0x0a201057 v  0 11111111 c1c4cccc c2053333 41680000 bf000000 c1de6666 41266666 41280000 40d00000 
warp 7 0x80000110 0x5e034157 v  2 11111111 41f00000 41f00000 41f00000 41f00000 41f00000 41f00000 41f00000 41f00000 
warp 1 0x80000178 0x0400c00b barrier
warp 4 0x8000016c 0xfe112e23 lsu.w x   1 op 3 80000158 @ 70000c14+fffffffc
warp 7 0x80000114 0x0040a0fb lsu.r v  1 op 3 @ 90000038+00000004 90000030+00000004 90000028+00000004 90000020+00000004 90000018+00000004 90000010+00000004 90000008+00000004 90000000+00000004
warp 2 0x80000120 0x0a2090d7 v  1 11111111 c3254ccd c36d8000 c2ce3334 c24b9998 4288cccd c294999a c1d8cccc c3528000 
warp 4 0x8000016c 0xfe112e23 lsu.w fin
warp 1 0x80000174 0xffc12083 x  1  80000158
warp 7 0x80000114 0x0040a0fb v  1 11111111 436d6666 43a7cccd 43114ccd 43a72666 426f999a 42066666 42093333 429e6666 
warp 1 0x80000170 0x4e001057 v  0 00011111 00000000 00000000 3f800000 436ea041 41c9a01b 4362bf30 41a1b26f 4348b01d 
warp 4 0x80000174 0xffc12083 lsu.r x   1 op 3 @ 70000c14+fffffffc
warp 4 0x80000178 0x0400c00b barrier
warp 2 0x80000124 0x921090d7 v  1 11111111 46d5782f 475c5640 46261672 4521ecf3 4592347b 45ac83ec 44379a3c 472d1640 
warp 5 0x80000168 0x00410113 x  2  70000814
warp 6 0x8000014c 0x00410113 x  2  70000410
warp 7 0x80000108 0x0203c0d7 v 33 11111111 9000101c 90001018 90001014 90001010 9000100c 90001008 90001004 90001000 
warp 7 0x8000010c 0x0000a07b lsu.r v  0 op 3 @ 90000038+00000000 90000030+00000000 90000028+00000000 90000020+00000000 90000018+00000000 90000010+00000000 90000008+00000000 90000000+00000000
warp 5 0x8000016c 0xfe112e23 lsu.w x   1 op 3 80000158 @ 70000814+fffffffc
warp 6 0x80000154 0x014000ef x  1  80000158
warp 6 0x80000150 0xfe112e23 lsu.w x   1 op 3 80000130 @ 70000410+fffffffc
warp 6 0x80000154 0x014000ef Jump? 1  80000168
warp 2 0x80000128 0xa2101057 v  0 11111111 46da3281 4760ab24 46295f72 4521f0f3 45aa5b33 45afe534 44532a3c 472d4080 
warp 5 0x80000178 0x0400c00b barrier
warp 5 0x80000174 0xffc12083 lsu.r x   1 op 3 @ 70000814+fffffffc
warp 7 0x8000010c 0x0000a07b v  0 11111111 423d3333 4252cccd 42406666 42086666 41df3333 420f999a 41d40000 42850000 
warp 2 0x8000012c 0x020000ef x  1  80000130
warp 2 0x8000012c 0x020000ef Jump? 1  8000014c
warp 5 0x8000016c 0xfe112e23 lsu.w fin
warp 7 0x8000011c 0x5e02c157 v  2 11111111 42b40000 42b40000 42b40000 42b40000 42b40000 42b40000 42b40000 42b40000 
warp 6 0x80000168 0x00410113 x  2  70000414
warp 7 0x80000118 0x0a201057 v  0 11111111 c18a6666 c1b5999a c190cccc c0833330 40066668 c0bcccd0 40600000 c2120000 
warp 2 0x8000014c 0x00410113 x  2  70001410
warp 6 0x8000016c 0xfe112e23 lsu.w x   1 op 3 80000158 @ 70000414+fffffffc
warp 4 0x80000174 0xffc12083 x  1  80000158
warp 6 0x80000150 0xfe112e23 lsu.w fin
warp 7 0x80000120 0x0a2090d7 v  1 11111111 c3136666 c375999a c25d3334 c3744ccc 41f0cccc 4261999a 425ecccd 412cccd0 
warp 6 0x80000174 0xffc12083 lsu.r x   1 op 3 @ 70000414+fffffffc
warp 2 0x80000150 0xfe112e23 lsu.w x   1 op 3 80000130 @ 70001410+fffffffc
warp 6 0x80000178 0x0400c00b barrier
warp 7 0x80000124 0x921090d7 v  1 11111111 46a9bd84 476b9f5d 453f2172 4769227c 446280a2 4546cf5d 4541e7d7 42e947b7 
warp 6 0x8000016c 0xfe112e23 lsu.w fin
warp 7 0x8000012c 0x020000ef x  1  80000130
warp 7 0x8000012c 0x020000ef Jump? 1  8000014c
warp 5 0x80000174 0xffc12083 x  1  80000158
warp 7 0x80000128 0xa2101057 v  0 11111111 46ac1418 476da2a7 45539b34 4769334b 44639adf 4548fc53 4542abd7 44b51c7b 
warp 7 0x8000014c 0x00410113 x  2  70000010
warp 7 0x80000154 0x014000ef x  1  80000158
warp 7 0x80000154 0x014000ef Jump? 1  80000168
warp 7 0x80000150 0xfe112e23 lsu.w x   1 op 3 80000130 @ 70000010+fffffffc
warp 2 0x80000150 0xfe112e23 lsu.w fin
warp 7 0x80000150 0xfe112e23 lsu.w fin
warp 7 0x80000168 0x00410113 x  2  70000014
warp 6 0x80000174 0xffc12083 x  1  80000158
warp 7 0x8000016c 0xfe112e23 lsu.w x   1 op 3 80000158 @ 70000014+fffffffc
warp 7 0x8000016c 0xfe112e23 lsu.w fin
warp 4 0x80000170 0x4e001057 v  0 11111111 437c266f 4217b8cb 42353c5c 4194008d 433b8444 41093570 42dc70eb 42867b28 
warp 7 0x80000174 0xffc12083 lsu.r x   1 op 3 @ 70000014+fffffffc
warp 7 0x80000174 0xffc12083 x  1  80000158
warp 7 0x80000170 0x4e001057 v  0 11111111 43146968 4376a596 4268bf41 4374559a 41f162a4 4262d4c0 425f3d4b 421841d5 
warp 6 0x80000170 0x4e001057 v  0 11111111 41ee4460 432b202e 42a1a289 40fbe842 42642ba4 42ac21d5 434c306a 41756be4 
warp 2 0x80000154 0x014000ef x  1  80000158
warp 2 0x80000154 0x014000ef Jump? 1  80000168
warp 7 0x80000178 0x0400c00b barrier
warp 2 0x80000168 0x00410113 x  2  70001414
warp 2 0x8000016c 0xfe112e23 lsu.w x   1 op 3 80000158 @ 70001414+fffffffc
warp 2 0x8000016c 0xfe112e23 lsu.w fin
warp 5 0x80000170 0x4e001057 v  0 11111111 432b76ee 42d7b7d2 42b1427c 42a32e6e 4327f4e2 420a87ae 41a2eee1 41b08224 
warp 2 0x80000174 0xffc12083 lsu.r x   1 op 3 @ 70001414+fffffffc
warp 2 0x80000178 0x0400c00b barrier
warp 3 0x8000017c 0xffc10113 x  2  70001010
warp 4 0x8000017c 0xffc10113 x  2  70000c10
warp 5 0x8000017c 0xffc10113 x  2  70000810
warp 6 0x8000017c 0xffc10113 x  2  70000410
warp 7 0x8000017c 0xffc10113 x  2  70000010
warp 2 0x8000017c 0xffc10113 x  2  70001410
warp 3 0x80000180 0x00008067 x  0  80000184
warp 3 0x80000180 0x00008067 Jump? 1  80000158
warp 4 0x80000180 0x00008067 x  0  80000184
warp 4 0x80000180 0x00008067 Jump? 1  80000158
warp 5 0x80000180 0x00008067 x  0  80000184
warp 6 0x80000180 0x00008067 x  0  80000184
warp 5 0x80000180 0x00008067 Jump? 1  80000158
warp 6 0x80000180 0x00008067 x  0  80000184
warp 6 0x80000180 0x00008067 Jump? 1  80000158
warp 7 0x80000180 0x00008067 x  0  80000184
warp 7 0x80000180 0x00008067 Jump? 1  80000158
warp 1 0x8000017c 0xffc10113 x  2  70001810
warp 3 0x80000158 0xffc12083 lsu.r x   1 op 3 @ 70001010+fffffffc
warp 2 0x80000174 0xffc12083 x  1  80000158
warp 1 0x80000180 0x00008067 x  0  80000184
warp 1 0x80000180 0x00008067 Jump? 1  80000158
warp 3 0x8000015c 0x0400c00b barrier
warp 2 0x80000180 0x00008067 x  0  80000184
warp 2 0x80000180 0x00008067 Jump? 1  80000158
warp 4 0x8000015c 0x0400c00b barrier
warp 4 0x80000158 0xffc12083 lsu.r x   1 op 3 @ 70000c10+fffffffc
warp 1 0x80000158 0xffc12083 lsu.r x   1 op 3 @ 70001810+fffffffc
warp 1 0x8000015c 0x0400c00b barrier
warp 2 0x8000015c 0x0400c00b barrier
warp 2 0x80000158 0xffc12083 lsu.r x   1 op 3 @ 70001410+fffffffc
warp 3 0x80000158 0xffc12083 x  1  80000130
warp 4 0x80000158 0xffc12083 x  1  80000130
warp 5 0x8000015c 0x0400c00b barrier
warp 5 0x80000158 0xffc12083 lsu.r x   1 op 3 @ 70000810+fffffffc
warp 1 0x80000158 0xffc12083 x  1  80000130
warp 6 0x8000015c 0x0400c00b barrier
warp 6 0x80000158 0xffc12083 lsu.r x   1 op 3 @ 70000410+fffffffc
warp 2 0x80000158 0xffc12083 x  1  80000130
warp 7 0x8000015c 0x0400c00b barrier
warp 7 0x80000158 0xffc12083 lsu.r x   1 op 3 @ 70000010+fffffffc
warp 1 0x80000160 0xffc10113 x  2  7000180c
warp 2 0x80000160 0xffc10113 x  2  7000140c
warp 3 0x80000160 0xffc10113 x  2  7000100c
warp 4 0x80000160 0xffc10113 x  2  70000c0c
warp 5 0x80000160 0xffc10113 x  2  7000080c
warp 7 0x80000160 0xffc10113 x  2  7000000c
warp 1 0x80000164 0x00008067 x  0  80000168
warp 2 0x80000164 0x00008067 x  0  80000168
warp 1 0x80000164 0x00008067 Jump? 1  80000130
warp 3 0x80000164 0x00008067 x  0  80000168
warp 3 0x80000164 0x00008067 Jump? 1  80000130
warp 4 0x80000164 0x00008067 x  0  80000168
warp 6 0x80000160 0xffc10113 x  2  7000040c
warp 4 0x80000164 0x00008067 Jump? 1  80000130
warp 2 0x80000164 0x00008067 x  0  80000168
warp 2 0x80000164 0x00008067 Jump? 1  80000130
warp 5 0x80000158 0xffc12083 x  1  80000130
warp 6 0x80000158 0xffc12083 x  1  80000130
warp 1 0x80000134 0x0000e07b lsu.w v  0 op 3 mask 00011111 00000037 00000036 00000035 436ea041 41c9a01b 4362bf30 41a1b26f 4348b01d @ 00000000+00000000 00000000+00000000 00000000+00000000 900010d0+00000000 900010cc+00000000 900010c8+00000000 900010c4+00000000 900010c0+00000000
warp 1 0x80000138 0x0000205b Jump? 1  80000138
warp 1 0x80000138 0x0000205b join    mask and npc:    11111111 0x80000138 pop stack ? 1
warp 2 0x80000170 0x4e001057 v  0 11111111 43271ed7 436fd2ba 42d03ab4 424b9c1c 4293aacd 42960c75 41e88118 435299af 
warp 5 0x80000164 0x00008067 x  0  80000168
warp 6 0x80000164 0x00008067 x  0  80000168
warp 5 0x80000164 0x00008067 Jump? 1  80000130
warp 6 0x80000164 0x00008067 x  0  80000168
warp 6 0x80000164 0x00008067 Jump? 1  80000130
warp 2 0x80000138 0x0000205b join    mask and npc:    00000000 0x00000000 pop stack ? 0
warp 2 0x80000138 0x0000205b Jump? 0  00000000
warp 2 0x80000134 0x0000e07b lsu.w v  0 op 3 mask 11111111 43271ed7 436fd2ba 42d03ab4 424b9c1c 4293aacd 42960c75 41e88118 435299af @ 900010bc+00000000 900010b8+00000000 900010b4+00000000 900010b0+00000000 900010ac+00000000 900010a8+00000000 900010a4+00000000 900010a0+00000000
warp 1 0x80000134 0x0000e07b lsu.w fin
warp 1 0x80000138 0x0000205b join    mask and npc:    00000000 0x00000000 pop stack ? 0
warp 7 0x80000158 0xffc12083 x  1  80000130
warp 1 0x80000138 0x0000205b Jump? 0  00000000
warp 2 0x8000013c 0xff412083 lsu.r x   1 op 3 @ 7000140c+fffffff4
warp 2 0x80000140 0xff410113 x  2  70001400
warp 7 0x80000164 0x00008067 x  0  80000168
warp 7 0x80000164 0x00008067 Jump? 1  80000130
warp 2 0x80000144 0xffc20213 x  4  00000000
warp 2 0x80000134 0x0000e07b lsu.w fin
warp 1 0x8000013c 0xff412083 lsu.r x   1 op 3 @ 7000180c+fffffff4
warp 3 0x80000134 0x0000e07b lsu.w v  0 op 3 mask 11111111 42992ffd 437de865 4279c552 437e83f1 43537016 42d2176d 429546e5 42943571 @ 9000109c+00000000 90001098+00000000 90001094+00000000 90001090+00000000 9000108c+00000000 90001088+00000000 90001084+00000000 90001080+00000000
warp 1 0x80000140 0xff410113 x  2  70001800
warp 3 0x80000138 0x0000205b join    mask and npc:    00000000 0x00000000 pop stack ? 0
warp 3 0x80000138 0x0000205b Jump? 0  00000000
warp 1 0x80000144 0xffc20213 x  4  00000000
warp 2 0x8000013c 0xff412083 x  1  80000090
warp 3 0x8000013c 0xff412083 lsu.r x   1 op 3 @ 7000100c+fffffff4
warp 3 0x80000140 0xff410113 x  2  70001000
warp 3 0x80000144 0xffc20213 x  4  00000000
warp 3 0x80000134 0x0000e07b lsu.w fin
warp 2 0x80000148 0x00008067 x  0  8000014c
warp 2 0x80000148 0x00008067 Jump? 1  80000090
warp 4 0x80000138 0x0000205b Jump? 0  00000000
warp 4 0x80000138 0x0000205b join    mask and npc:    00000000 0x00000000 pop stack ? 0
warp 4 0x80000134 0x0000e07b lsu.w v  0 op 3 mask 11111111 437c266f 4217b8cb 42353c5c 4194008d 433b8444 41093570 42dc70eb 42867b28 @ 9000107c+00000000 90001078+00000000 90001074+00000000 90001070+00000000 9000106c+00000000 90001068+00000000 90001064+00000000 90001060+00000000
warp 2 0x80000090 0x0000400b endprg
warp 1 0x8000013c 0xff412083 x  1  80000090
warp 4 0x8000013c 0xff412083 lsu.r x   1 op 3 @ 70000c0c+fffffff4
warp 4 0x80000140 0xff410113 x  2  70000c00
warp 4 0x80000144 0xffc20213 x  4  00000000
warp 4 0x80000134 0x0000e07b lsu.w fin
warp 1 0x80000148 0x00008067 x  0  8000014c
warp 1 0x80000148 0x00008067 Jump? 1  80000090
warp 3 0x8000013c 0xff412083 x  1  80000090
warp 5 0x80000138 0x0000205b Jump? 0  00000000
warp 5 0x80000138 0x0000205b join    mask and npc:    00000000 0x00000000 pop stack ? 0
warp 5 0x80000134 0x0000e07b lsu.w v  0 op 3 mask 11111111 432b76ee 42d7b7d2 42b1427c 42a32e6e 4327f4e2 420a87ae 41a2eee1 41b08224 @ 9000105c+00000000 90001058+00000000 90001054+00000000 90001050+00000000 9000104c+00000000 90001048+00000000 90001044+00000000 90001040+00000000
warp 3 0x80000148 0x00008067 x  0  8000014c
warp 3 0x80000148 0x00008067 Jump? 1  80000090
warp 5 0x8000013c 0xff412083 lsu.r x   1 op 3 @ 7000080c+fffffff4
warp 1 0x80000090 0x0000400b endprg
warp 5 0x80000140 0xff410113 x  2  70000800
warp 5 0x80000134 0x0000e07b lsu.w fin
warp 5 0x80000144 0xffc20213 x  4  00000000
warp 3 0x80000090 0x0000400b endprg
warp 4 0x8000013c 0xff412083 x  1  80000090
warp 4 0x80000148 0x00008067 x  0  8000014c
warp 4 0x80000148 0x00008067 Jump? 1  80000090
warp 6 0x80000138 0x0000205b join    mask and npc:    00000000 0x00000000 pop stack ? 0
warp 6 0x80000138 0x0000205b Jump? 0  00000000
warp 6 0x80000134 0x0000e07b lsu.w v  0 op 3 mask 11111111 41ee4460 432b202e 42a1a289 40fbe842 42642ba4 42ac21d5 434c306a 41756be4 @ 9000103c+00000000 90001038+00000000 90001034+00000000 90001030+00000000 9000102c+00000000 90001028+00000000 90001024+00000000 90001020+00000000
warp 7 0x80000134 0x0000e07b lsu.w v  0 op 3 mask 11111111 43146968 4376a596 4268bf41 4374559a 41f162a4 4262d4c0 425f3d4b 421841d5 @ 9000101c+00000000 90001018+00000000 90001014+00000000 90001010+00000000 9000100c+00000000 90001008+00000000 90001004+00000000 90001000+00000000
warp 4 0x80000090 0x0000400b endprg
warp 5 0x8000013c 0xff412083 x  1  80000090
warp 6 0x8000013c 0xff412083 lsu.r x   1 op 3 @ 7000040c+fffffff4
warp 6 0x80000140 0xff410113 x  2  70000400
warp 6 0x80000144 0xffc20213 x  4  00000000
warp 6 0x80000134 0x0000e07b lsu.w fin
warp 5 0x80000148 0x00008067 x  0  8000014c
warp 5 0x80000148 0x00008067 Jump? 1  80000090
warp 7 0x80000138 0x0000205b join    mask and npc:    00000000 0x00000000 pop stack ? 0
warp 7 0x80000134 0x0000e07b lsu.w fin
warp 7 0x80000138 0x0000205b Jump? 0  00000000
warp 7 0x8000013c 0xff412083 lsu.r x   1 op 3 @ 7000000c+fffffff4
warp 5 0x80000090 0x0000400b endprg
warp 7 0x80000140 0xff410113 x  2  70000000
warp 7 0x80000144 0xffc20213 x  4  00000000
warp 6 0x8000013c 0xff412083 x  1  80000090
warp 6 0x80000148 0x00008067 x  0  8000014c
warp 6 0x80000148 0x00008067 Jump? 1  80000090
warp 6 0x80000090 0x0000400b endprg
warp 7 0x8000013c 0xff412083 x  1  80000090
warp 7 0x80000148 0x00008067 x  0  8000014c
warp 7 0x80000148 0x00008067 Jump? 1  80000090
warp 7 0x80000090 0x0000400b endprg
[31m- adv_test *** FAILED ***[0m
[31m  chiseltest.TimeoutException: timeout on GPGPU_SimWrapper.clock: IO[Clock] at 300 idle cycles. You can extend the timeout by calling .setTimeout(<n>) on your clock (setting it to 0 means 'no timeout').[0m
[31m  at chiseltest.internal.GenericBackend.$anonfun$run$7(GenericBackend.scala:203)[0m
[31m  at chiseltest.internal.GenericBackend.$anonfun$run$7$adapted(GenericBackend.scala:200)[0m
[31m  at scala.collection.mutable.HashMap.$anonfun$foreach$1(HashMap.scala:149)[0m
[31m  at scala.collection.mutable.HashTable.foreachEntry(HashTable.scala:237)[0m
[31m  at scala.collection.mutable.HashTable.foreachEntry$(HashTable.scala:230)[0m
[31m  at scala.collection.mutable.HashMap.foreachEntry(HashMap.scala:44)[0m
[31m  at scala.collection.mutable.HashMap.foreach(HashMap.scala:149)[0m
[31m  at chiseltest.internal.GenericBackend.run(GenericBackend.scala:200)[0m
[31m  at chiseltest.internal.Context$.$anonfun$run$1(Testers2.scala:34)[0m
[31m  at scala.util.DynamicVariable.withValue(DynamicVariable.scala:62)[0m
[31m  ...[0m
1 targets failed
ventus.tests.testOnly 1 tests failed: 
  play.AdvancedTest adv_test
